Using pre-set license
Built from '2020.3/staging' branch; Version is '2020.3.32f1 (12f8b0834f07) revision 1243312'; Using compiler version '192528614'; Build Type 'Release'
OS: 'Windows 10  (10.0.19044) 64bit Professional' Language: 'pt' Physical Memory: 8123 MB
BatchMode: 1, IsHumanControllingUs: 0, StartBugReporterOnCrash: 0, Is64bit: 1, IsPro: 0

COMMAND LINE ARGUMENTS:
C:\Program Files\Unity 2020.3.32f1\Editor\Unity.exe
-adb2
-batchMode
-noUpm
-name
AssetImportWorker3
-projectPath
C:/Users/braga/Documents/GitHub/GameColors-Matiz/Matiz
-logFile
Logs/AssetImportWorker3.log
-srvPort
50854
Successfully changed project path to: C:/Users/braga/Documents/GitHub/GameColors-Matiz/Matiz
C:/Users/braga/Documents/GitHub/GameColors-Matiz/Matiz
Using Asset Import Pipeline V2.
Refreshing native plugins compatible for Editor in 127.36 ms, found 5 plugins.
Preloading 0 native plugins for Editor in 0.00 ms.
Initialize engine version: 2020.3.32f1 (12f8b0834f07)
[Subsystems] Discovering subsystems at path C:/Program Files/Unity 2020.3.32f1/Editor/Data/Resources/UnitySubsystems
[Subsystems] Discovering subsystems at path C:/Users/braga/Documents/GitHub/GameColors-Matiz/Matiz/Assets
GfxDevice: creating device client; threaded=0
Direct3D:
    Version:  Direct3D 11.0 [level 11.1]
    Renderer: Radeon RX 570 Series (ID=0x67df)
    Vendor:   
    VRAM:     8170 MB
    Driver:   30.0.15019.1005
Initialize mono
Mono path[0] = 'C:/Program Files/Unity 2020.3.32f1/Editor/Data/Managed'
Mono path[1] = 'C:/Program Files/Unity 2020.3.32f1/Editor/Data/MonoBleedingEdge/lib/mono/unityjit'
Mono config path = 'C:/Program Files/Unity 2020.3.32f1/Editor/Data/MonoBleedingEdge/etc'
Using monoOptions --debugger-agent=transport=dt_socket,embedding=1,server=y,suspend=n,address=127.0.0.1:56664
Begin MonoManager ReloadAssembly
Registering precompiled unity dll's ...
Register platform support module: C:/Program Files/Unity 2020.3.32f1/Editor/Data/PlaybackEngines/WindowsStandaloneSupport/UnityEditor.WindowsStandalone.Extensions.dll
Registered in 0.002809 seconds.
Native extension for WindowsStandalone target not found
Refreshing native plugins compatible for Editor in 107.29 ms, found 5 plugins.
Preloading 0 native plugins for Editor in 0.00 ms.
Mono: successfully reloaded assembly
- Completed reload, in  0.709 seconds
Domain Reload Profiling:
	ReloadAssembly (709ms)
		BeginReloadAssembly (76ms)
			ExecutionOrderSort (0ms)
			DisableScriptedObjects (0ms)
			BackupInstance (0ms)
			ReleaseScriptingObjects (0ms)
			CreateAndSetChildDomain (1ms)
		EndReloadAssembly (546ms)
			LoadAssemblies (72ms)
			RebuildTransferFunctionScriptingTraits (0ms)
			SetupTypeCache (155ms)
			ReleaseScriptCaches (0ms)
			RebuildScriptCaches (30ms)
			SetupLoadedEditorAssemblies (243ms)
				LogAssemblyErrors (0ms)
				InitializePlatformSupportModulesInManaged (5ms)
				SetLoadedEditorAssemblies (0ms)
				RefreshPlugins (107ms)
				BeforeProcessingInitializeOnLoad (10ms)
				ProcessInitializeOnLoadAttributes (90ms)
				ProcessInitializeOnLoadMethodAttributes (31ms)
				AfterProcessingInitializeOnLoad (0ms)
				EditorAssembliesLoaded (0ms)
			ExecutionOrderSort2 (0ms)
			AwakeInstancesAfterBackupRestoration (0ms)
Platform modules already initialized, skipping
Registering precompiled user dll's ...
Registered in 0.011087 seconds.
Begin MonoManager ReloadAssembly
Native extension for WindowsStandalone target not found
Refreshing native plugins compatible for Editor in 105.92 ms, found 5 plugins.
Preloading 0 native plugins for Editor in 0.00 ms.
Mono: successfully reloaded assembly
- Completed reload, in  5.351 seconds
Domain Reload Profiling:
	ReloadAssembly (5352ms)
		BeginReloadAssembly (175ms)
			ExecutionOrderSort (0ms)
			DisableScriptedObjects (5ms)
			BackupInstance (0ms)
			ReleaseScriptingObjects (0ms)
			CreateAndSetChildDomain (22ms)
		EndReloadAssembly (5100ms)
			LoadAssemblies (3894ms)
			RebuildTransferFunctionScriptingTraits (0ms)
			SetupTypeCache (403ms)
			ReleaseScriptCaches (1ms)
			RebuildScriptCaches (94ms)
			SetupLoadedEditorAssemblies (578ms)
				LogAssemblyErrors (0ms)
				InitializePlatformSupportModulesInManaged (4ms)
				SetLoadedEditorAssemblies (0ms)
				RefreshPlugins (106ms)
				BeforeProcessingInitializeOnLoad (110ms)
				ProcessInitializeOnLoadAttributes (263ms)
				ProcessInitializeOnLoadMethodAttributes (85ms)
				AfterProcessingInitializeOnLoad (10ms)
				EditorAssembliesLoaded (0ms)
			ExecutionOrderSort2 (0ms)
			AwakeInstancesAfterBackupRestoration (7ms)
Platform modules already initialized, skipping
========================================================================
Worker process is ready to serve import requests
Launched and connected shader compiler UnityShaderCompiler.exe after 0.66 seconds
Refreshing native plugins compatible for Editor in 1.46 ms, found 5 plugins.
Preloading 0 native plugins for Editor in 0.00 ms.
Unloading 4267 Unused Serialized files (Serialized files now loaded: 0)
System memory in use before: 188.3 MB.
System memory in use after: 188.5 MB.

Unloading 80 unused Assets to reduce memory usage. Loaded Objects now: 4652.
Total: 4.157400 ms (FindLiveObjects: 0.431100 ms CreateObjectMapping: 0.109200 ms MarkObjects: 3.505100 ms  DeleteObjects: 0.111300 ms)

AssetImportParameters requested are different than current active one (requested -> active):
  custom:framework-win-MediaFoundation: 216162199b28c13a410421893ffa2e32 -> 
  custom:video-decoder-ogg-theora: a1e56fd34408186e4bbccfd4996cb3dc -> 
  custom:container-muxer-webm: aa71ff27fc2769a1b78a27578f13a17b -> 
  custom:container-demuxer-webm: 4f35f7cbe854078d1ac9338744f61a02 -> 
  custom:container-demuxer-ogg: 62fdf1f143b41e24485cea50d1cbac27 -> 
  custom:video-encoder-webm-vp8: eb34c28f22e8b96e1ab97ce403110664 -> 
  custom:video-decoder-webm-vp8: 9c59270c3fd7afecdb556c50c9e8de78 -> 
  custom:audio-decoder-ogg-vorbis: bf7c407c2cedff20999df2af8eb42d56 -> 
  custom:audio-encoder-webm-vorbis: bf7c407c2cedff20999df2af8eb42d56 -> 
========================================================================
Received Import Request.
  path: Assets/_Projeto/Shaders/Unlit aaaaaaaaaaa.mat
  artifactKey: Guid(60af494d0b9872546b8e5dfb7572b5f4) Importer(815301076,1909f56bfc062723c751e8b465ee728b)
Start importing Assets/_Projeto/Shaders/Unlit aaaaaaaaaaa.mat using Guid(60af494d0b9872546b8e5dfb7572b5f4) Importer(815301076,1909f56bfc062723c751e8b465ee728b)  -> (artifact id: 'df1dbb0490b42a83de4d3d0f2b5e7c6f') in 1.375387 seconds 
========================================================================
Received Import Request.
  Time since last request: 8236.836386 seconds.
  path: Assets/_Projeto/Scenes/MainLand Allan.unity
  artifactKey: Guid(d83fd7a754167ed46a34501b1d8c8b94) Importer(815301076,1909f56bfc062723c751e8b465ee728b)
Start importing Assets/_Projeto/Scenes/MainLand Allan.unity using Guid(d83fd7a754167ed46a34501b1d8c8b94) Importer(815301076,1909f56bfc062723c751e8b465ee728b)  -> (artifact id: 'c017b1e129d3153faa79858be9a49b26') in 0.012551 seconds 
========================================================================
Received Import Request.
  Time since last request: 1272.329954 seconds.
  path: Assets/_Projeto/Arts/PropsArtPrefabs/PrefabsPropsNoPreto/Props_Casas 1.prefab
  artifactKey: Guid(2a6a8dc65096e5f4fb536af870a90302) Importer(815301076,1909f56bfc062723c751e8b465ee728b)
Start importing Assets/_Projeto/Arts/PropsArtPrefabs/PrefabsPropsNoPreto/Props_Casas 1.prefab using Guid(2a6a8dc65096e5f4fb536af870a90302) Importer(815301076,1909f56bfc062723c751e8b465ee728b)  -> (artifact id: 'a2d29ccfce3211fa1ecfc64b60d3ff5c') in 1.318279 seconds 
========================================================================
Received Import Request.
  Time since last request: 0.000238 seconds.
  path: Assets/_Projeto/Arts/PropsArtPrefabs/PrefabsPropsNoPreto/Props_Casas 4.prefab
  artifactKey: Guid(d7669e03b1a19bb4f898aed75b9904d9) Importer(815301076,1909f56bfc062723c751e8b465ee728b)
Start importing Assets/_Projeto/Arts/PropsArtPrefabs/PrefabsPropsNoPreto/Props_Casas 4.prefab using Guid(d7669e03b1a19bb4f898aed75b9904d9) Importer(815301076,1909f56bfc062723c751e8b465ee728b)  -> (artifact id: '6795ad5ff1b412d9ba8fe7285607a8f6') in 0.065316 seconds 
========================================================================
Received Import Request.
  Time since last request: 0.000276 seconds.
  path: Assets/_Projeto/Arts/PropsArtPrefabs/PrefabsPropsNoPreto/Props_Casas 3.prefab
  artifactKey: Guid(37a3cfcf01970334187edb84d19b6f4c) Importer(815301076,1909f56bfc062723c751e8b465ee728b)
Start importing Assets/_Projeto/Arts/PropsArtPrefabs/PrefabsPropsNoPreto/Props_Casas 3.prefab using Guid(37a3cfcf01970334187edb84d19b6f4c) Importer(815301076,1909f56bfc062723c751e8b465ee728b)  -> (artifact id: 'd8a37ac8709167a6f29f0d74a7eddcbb') in 0.056754 seconds 
========================================================================
Received Import Request.
  Time since last request: 298.292533 seconds.
  path: Assets/AllIn1SpriteShader/Materials/UIStencil.mat
  artifactKey: Guid(7ef34f26b8117334c8ecd9c27a45e2c6) Importer(815301076,1909f56bfc062723c751e8b465ee728b)
Start importing Assets/AllIn1SpriteShader/Materials/UIStencil.mat using Guid(7ef34f26b8117334c8ecd9c27a45e2c6) Importer(815301076,1909f56bfc062723c751e8b465ee728b)  -> (artifact id: '8201c0de808c1ed3de5bc5c5cbbfda87') in 0.357215 seconds 
========================================================================
Received Import Request.
  Time since last request: 0.000285 seconds.
  path: Assets/Stylized Water For URP/Materials/Wavy.mat
  artifactKey: Guid(55017f1a01259744a8e40a41b5c5920d) Importer(815301076,1909f56bfc062723c751e8b465ee728b)
Start importing Assets/Stylized Water For URP/Materials/Wavy.mat using Guid(55017f1a01259744a8e40a41b5c5920d) Importer(815301076,1909f56bfc062723c751e8b465ee728b)  -> (artifact id: '6d157ec6d6cdc469b39c3fbc84835348') in 2.019683 seconds 
========================================================================
Received Import Request.
  Time since last request: 0.000293 seconds.
  path: Assets/Stylized Water For URP/Materials/Windwaker.mat
  artifactKey: Guid(ea66d3ba3c5ac7d498707e8c9e54524f) Importer(815301076,1909f56bfc062723c751e8b465ee728b)
Start importing Assets/Stylized Water For URP/Materials/Windwaker.mat using Guid(ea66d3ba3c5ac7d498707e8c9e54524f) Importer(815301076,1909f56bfc062723c751e8b465ee728b)  -> (artifact id: '1cba3d73126b1152b8598ac3f663110f') in 0.770490 seconds 
========================================================================
Received Import Request.
  Time since last request: 52947.382536 seconds.
  path: Assets/FXIFIED/Stylized VFX Free Pack/Resources/Meshes/FX_MSH_Cylinder_AA.FBX
  artifactKey: Guid(6bb435dad7594f34e9be79378ca75ca4) Importer(815301076,1909f56bfc062723c751e8b465ee728b)
Start importing Assets/FXIFIED/Stylized VFX Free Pack/Resources/Meshes/FX_MSH_Cylinder_AA.FBX using Guid(6bb435dad7594f34e9be79378ca75ca4) Importer(815301076,1909f56bfc062723c751e8b465ee728b)  -> (artifact id: 'a7db70f98c59041549e3cb79628a93d3') in 1.370394 seconds 
========================================================================
Received Import Request.
  Time since last request: 0.000516 seconds.
  path: Assets/FXIFIED/Stylized VFX Free Pack/Resources/Meshes/FX_MSH_Coin_AA.FBX
  artifactKey: Guid(9d622ecb8356a194a9a78cd6f3beec4f) Importer(815301076,1909f56bfc062723c751e8b465ee728b)
Start importing Assets/FXIFIED/Stylized VFX Free Pack/Resources/Meshes/FX_MSH_Coin_AA.FBX using Guid(9d622ecb8356a194a9a78cd6f3beec4f) Importer(815301076,1909f56bfc062723c751e8b465ee728b)  -> (artifact id: 'd032897573b1ae34ad39637acaae4be6') in 0.138009 seconds 
========================================================================
Received Import Request.
  Time since last request: 0.000269 seconds.
  path: Assets/FXIFIED/Stylized VFX Free Pack/Resources/Meshes/FX_MSH_CylinderHalf_AC.FBX
  artifactKey: Guid(bb56cf7de6a14c947a9cbc79f2c26214) Importer(815301076,1909f56bfc062723c751e8b465ee728b)
Start importing Assets/FXIFIED/Stylized VFX Free Pack/Resources/Meshes/FX_MSH_CylinderHalf_AC.FBX using Guid(bb56cf7de6a14c947a9cbc79f2c26214) Importer(815301076,1909f56bfc062723c751e8b465ee728b)  -> (artifact id: 'e7e9d7ff1e96155294bcecbae6b8ce82') in 0.118457 seconds 
========================================================================
Received Import Request.
  Time since last request: 0.000242 seconds.
  path: Assets/FXIFIED/Stylized VFX Free Pack/Resources/Meshes/FX_MSH_TrafficCone_AA.FBX
  artifactKey: Guid(8c4e6675489489849a15408f39258694) Importer(815301076,1909f56bfc062723c751e8b465ee728b)
Start importing Assets/FXIFIED/Stylized VFX Free Pack/Resources/Meshes/FX_MSH_TrafficCone_AA.FBX using Guid(8c4e6675489489849a15408f39258694) Importer(815301076,1909f56bfc062723c751e8b465ee728b)  -> (artifact id: '1d184a92ee3bddc39de178818cc5aba2') in 0.126676 seconds 
========================================================================
Received Import Request.
  Time since last request: 0.000250 seconds.
  path: Assets/FXIFIED/Stylized VFX Free Pack/Resources/Meshes/FX_MSH_Ball_AA.FBX
  artifactKey: Guid(3cfec910184c84d41929446af45fda1b) Importer(815301076,1909f56bfc062723c751e8b465ee728b)
Start importing Assets/FXIFIED/Stylized VFX Free Pack/Resources/Meshes/FX_MSH_Ball_AA.FBX using Guid(3cfec910184c84d41929446af45fda1b) Importer(815301076,1909f56bfc062723c751e8b465ee728b)  -> (artifact id: '9a26ec88fd79937b657e1d6839f77756') in 0.129383 seconds 
========================================================================
Received Import Request.
  Time since last request: 0.000248 seconds.
  path: Assets/FXIFIED/Stylized VFX Free Pack/Resources/Meshes/FX_MSH_Sphere_Half_AA.FBX
  artifactKey: Guid(a9ed2a71f4462d64b90afc6fe8db5f95) Importer(815301076,1909f56bfc062723c751e8b465ee728b)
Start importing Assets/FXIFIED/Stylized VFX Free Pack/Resources/Meshes/FX_MSH_Sphere_Half_AA.FBX using Guid(a9ed2a71f4462d64b90afc6fe8db5f95) Importer(815301076,1909f56bfc062723c751e8b465ee728b)  -> (artifact id: 'de16ca96eb1a9bd7e6b440ca2c6194f7') in 0.209852 seconds 
========================================================================
Received Import Request.
  Time since last request: 0.000236 seconds.
  path: Assets/_Projeto/ExampleAssets/Models/Workbench.fbx
  artifactKey: Guid(efe9381559c516743bd05cef82f39ebb) Importer(815301076,1909f56bfc062723c751e8b465ee728b)
Start importing Assets/_Projeto/ExampleAssets/Models/Workbench.fbx using Guid(efe9381559c516743bd05cef82f39ebb) Importer(815301076,1909f56bfc062723c751e8b465ee728b)  -> (artifact id: 'fff753a3d607ad0b6b80fa6fe182f4e5') in 0.222867 seconds 
========================================================================
Received Import Request.
  Time since last request: 0.000320 seconds.
  path: Assets/_Projeto/ExampleAssets/Models/Workbench_Low.fbx
  artifactKey: Guid(ff6dc36862fe41641bb21568d92147c9) Importer(815301076,1909f56bfc062723c751e8b465ee728b)
Start importing Assets/_Projeto/ExampleAssets/Models/Workbench_Low.fbx using Guid(ff6dc36862fe41641bb21568d92147c9) Importer(815301076,1909f56bfc062723c751e8b465ee728b)  -> (artifact id: '171e4c309d05ad5587a5190352fca0ff') in 0.201239 seconds 
========================================================================
Received Import Request.
  Time since last request: 1500.649216 seconds.
  path: Assets/_Projeto/Arts/Textura Chão Vermelho
  artifactKey: Guid(ebc8b370ddeccf24d899774abd83268b) Importer(815301076,1909f56bfc062723c751e8b465ee728b)
Start importing Assets/_Projeto/Arts/Textura Chão Vermelho using Guid(ebc8b370ddeccf24d899774abd83268b) Importer(815301076,1909f56bfc062723c751e8b465ee728b)  -> (artifact id: 'b4e49d7aa5d9a395d6f0973655c0827f') in 0.012321 seconds 
========================================================================
Received Import Request.
  Time since last request: 8356.398679 seconds.
  path: Assets/_Projeto/Arts/IlhaVermelhaArt
  artifactKey: Guid(e1a3e6c32c3723347b511b9809d8f714) Importer(815301076,1909f56bfc062723c751e8b465ee728b)
Start importing Assets/_Projeto/Arts/IlhaVermelhaArt using Guid(e1a3e6c32c3723347b511b9809d8f714) Importer(815301076,1909f56bfc062723c751e8b465ee728b)  -> (artifact id: 'cf88cc6326026086889de3bde91a18ee') in 0.048645 seconds 
AssetImportWorkerClient::OnTransportError - code=2 error=End of file
