Using pre-set license
Built from '2020.3/staging' branch; Version is '2020.3.32f1 (12f8b0834f07) revision 1243312'; Using compiler version '192528614'; Build Type 'Release'
OS: 'Windows 10  (10.0.18363) 64bit Professional' Language: 'pt' Physical Memory: 14267 MB
BatchMode: 1, IsHumanControllingUs: 0, StartBugReporterOnCrash: 0, Is64bit: 1, IsPro: 0

COMMAND LINE ARGUMENTS:
C:\Program Files\Unity\Hub\Editor\2020.3.32f1\Editor\Unity.exe
-adb2
-batchMode
-noUpm
-name
AssetImportWorker1
-projectPath
D:/Unity/GameColors/Matiz
-logFile
Logs/AssetImportWorker1.log
-srvPort
63393
Successfully changed project path to: D:/Unity/GameColors/Matiz
D:/Unity/GameColors/Matiz
Using Asset Import Pipeline V2.
Refreshing native plugins compatible for Editor in 217.88 ms, found 4 plugins.
Preloading 0 native plugins for Editor in 0.00 ms.
Initialize engine version: 2020.3.32f1 (12f8b0834f07)
[Subsystems] Discovering subsystems at path C:/Program Files/Unity/Hub/Editor/2020.3.32f1/Editor/Data/Resources/UnitySubsystems
[Subsystems] Discovering subsystems at path D:/Unity/GameColors/Matiz/Assets
GfxDevice: creating device client; threaded=0
Direct3D:
    Version:  Direct3D 11.0 [level 11.1]
    Renderer: AMD Radeon(TM) RX Vega 11 Graphics (ID=0x15d8)
    Vendor:   
    VRAM:     7133 MB
    Driver:   27.20.1034.6
Initialize mono
Mono path[0] = 'C:/Program Files/Unity/Hub/Editor/2020.3.32f1/Editor/Data/Managed'
Mono path[1] = 'C:/Program Files/Unity/Hub/Editor/2020.3.32f1/Editor/Data/MonoBleedingEdge/lib/mono/unityjit'
Mono config path = 'C:/Program Files/Unity/Hub/Editor/2020.3.32f1/Editor/Data/MonoBleedingEdge/etc'
Using monoOptions --debugger-agent=transport=dt_socket,embedding=1,server=y,suspend=n,address=127.0.0.1:56112
Begin MonoManager ReloadAssembly
Registering precompiled unity dll's ...
Register platform support module: C:/Program Files/Unity/Hub/Editor/2020.3.32f1/Editor/Data/PlaybackEngines/WindowsStandaloneSupport/UnityEditor.WindowsStandalone.Extensions.dll
Registered in 0.003670 seconds.
Native extension for WindowsStandalone target not found
Refreshing native plugins compatible for Editor in 116.70 ms, found 4 plugins.
Preloading 0 native plugins for Editor in 0.00 ms.
Mono: successfully reloaded assembly
- Completed reload, in  1.101 seconds
Domain Reload Profiling:
	ReloadAssembly (1102ms)
		BeginReloadAssembly (114ms)
			ExecutionOrderSort (0ms)
			DisableScriptedObjects (0ms)
			BackupInstance (0ms)
			ReleaseScriptingObjects (0ms)
			CreateAndSetChildDomain (2ms)
		EndReloadAssembly (860ms)
			LoadAssemblies (106ms)
			RebuildTransferFunctionScriptingTraits (0ms)
			SetupTypeCache (235ms)
			ReleaseScriptCaches (0ms)
			RebuildScriptCaches (41ms)
			SetupLoadedEditorAssemblies (414ms)
				LogAssemblyErrors (0ms)
				InitializePlatformSupportModulesInManaged (6ms)
				SetLoadedEditorAssemblies (0ms)
				RefreshPlugins (117ms)
				BeforeProcessingInitializeOnLoad (32ms)
				ProcessInitializeOnLoadAttributes (167ms)
				ProcessInitializeOnLoadMethodAttributes (92ms)
				AfterProcessingInitializeOnLoad (0ms)
				EditorAssembliesLoaded (0ms)
			ExecutionOrderSort2 (0ms)
			AwakeInstancesAfterBackupRestoration (0ms)
Platform modules already initialized, skipping
Registering precompiled user dll's ...
Registered in 0.018059 seconds.
Begin MonoManager ReloadAssembly
Native extension for WindowsStandalone target not found
Refreshing native plugins compatible for Editor in 142.69 ms, found 4 plugins.
Preloading 0 native plugins for Editor in 0.00 ms.
Mono: successfully reloaded assembly
- Completed reload, in  6.799 seconds
Domain Reload Profiling:
	ReloadAssembly (6801ms)
		BeginReloadAssembly (247ms)
			ExecutionOrderSort (0ms)
			DisableScriptedObjects (7ms)
			BackupInstance (0ms)
			ReleaseScriptingObjects (0ms)
			CreateAndSetChildDomain (30ms)
		EndReloadAssembly (6419ms)
			LoadAssemblies (3599ms)
			RebuildTransferFunctionScriptingTraits (0ms)
			SetupTypeCache (769ms)
			ReleaseScriptCaches (1ms)
			RebuildScriptCaches (239ms)
			SetupLoadedEditorAssemblies (1546ms)
				LogAssemblyErrors (0ms)
				InitializePlatformSupportModulesInManaged (5ms)
				SetLoadedEditorAssemblies (0ms)
				RefreshPlugins (143ms)
				BeforeProcessingInitializeOnLoad (221ms)
				ProcessInitializeOnLoadAttributes (1138ms)
				ProcessInitializeOnLoadMethodAttributes (28ms)
				AfterProcessingInitializeOnLoad (12ms)
				EditorAssembliesLoaded (0ms)
			ExecutionOrderSort2 (0ms)
			AwakeInstancesAfterBackupRestoration (11ms)
Platform modules already initialized, skipping
========================================================================
Worker process is ready to serve import requests
Launched and connected shader compiler UnityShaderCompiler.exe after 0.58 seconds
Refreshing native plugins compatible for Editor in 2.96 ms, found 4 plugins.
Preloading 0 native plugins for Editor in 0.00 ms.
Unloading 3892 Unused Serialized files (Serialized files now loaded: 0)
System memory in use before: 197.7 MB.
System memory in use after: 198.0 MB.

Unloading 75 unused Assets to reduce memory usage. Loaded Objects now: 4306.
Total: 11.008700 ms (FindLiveObjects: 1.718200 ms CreateObjectMapping: 1.611600 ms MarkObjects: 7.459700 ms  DeleteObjects: 0.216000 ms)

AssetImportParameters requested are different than current active one (requested -> active):
  custom:framework-win-MediaFoundation: 216162199b28c13a410421893ffa2e32 -> 
  custom:video-decoder-ogg-theora: a1e56fd34408186e4bbccfd4996cb3dc -> 
  custom:container-muxer-webm: aa71ff27fc2769a1b78a27578f13a17b -> 
  custom:container-demuxer-webm: 4f35f7cbe854078d1ac9338744f61a02 -> 
  custom:container-demuxer-ogg: 62fdf1f143b41e24485cea50d1cbac27 -> 
  custom:video-encoder-webm-vp8: eb34c28f22e8b96e1ab97ce403110664 -> 
  custom:video-decoder-webm-vp8: 9c59270c3fd7afecdb556c50c9e8de78 -> 
  custom:audio-decoder-ogg-vorbis: bf7c407c2cedff20999df2af8eb42d56 -> 
  custom:audio-encoder-webm-vorbis: bf7c407c2cedff20999df2af8eb42d56 -> 
========================================================================
Received Import Request.
  path: Assets/_Projeto/Arts/IlhaVermelhaArt/Models/Ilha/Ponte 3.0.png
  artifactKey: Guid(f517d223780d43848bc96903272e385d) Importer(815301076,1909f56bfc062723c751e8b465ee728b)
Start importing Assets/_Projeto/Arts/IlhaVermelhaArt/Models/Ilha/Ponte 3.0.png using Guid(f517d223780d43848bc96903272e385d) Importer(815301076,1909f56bfc062723c751e8b465ee728b)  -> (artifact id: 'b43a494e70285b1cac9b67d993679ba6') in 1.634819 seconds 
========================================================================
Received Import Request.
  Time since last request: 5.572191 seconds.
  path: Assets/_Projeto/Arts/IlhaVermelhaArt/Models/Ilha/Ponte 3.0.dae
  artifactKey: Guid(55a5cd3afad4ee24d9a7b002618572f8) Importer(815301076,1909f56bfc062723c751e8b465ee728b)
Start importing Assets/_Projeto/Arts/IlhaVermelhaArt/Models/Ilha/Ponte 3.0.dae using Guid(55a5cd3afad4ee24d9a7b002618572f8) Importer(815301076,1909f56bfc062723c751e8b465ee728b)  -> (artifact id: '4379476090656180753354508a3ff450') in 0.531961 seconds 
========================================================================
Received Import Request.
  Time since last request: 1145.605599 seconds.
  path: Assets/_Projeto/Arts/IlhaVermelhaArt/Models/Ilha
  artifactKey: Guid(f35bb2a6e9b4aae4d86ea86a4e455c5b) Importer(815301076,1909f56bfc062723c751e8b465ee728b)
Start importing Assets/_Projeto/Arts/IlhaVermelhaArt/Models/Ilha using Guid(f35bb2a6e9b4aae4d86ea86a4e455c5b) Importer(815301076,1909f56bfc062723c751e8b465ee728b)  -> (artifact id: '97fc1efcb45acaa1e3b932e957961398') in 0.020178 seconds 
========================================================================
Received Import Request.
  Time since last request: 173.525949 seconds.
  path: Assets/_Projeto/Arts/IlhaVermelhaArt/Models/Ilha/Praia 3.0.png
  artifactKey: Guid(c36885137ab647e4993a27bb496eb3d2) Importer(815301076,1909f56bfc062723c751e8b465ee728b)
Start importing Assets/_Projeto/Arts/IlhaVermelhaArt/Models/Ilha/Praia 3.0.png using Guid(c36885137ab647e4993a27bb496eb3d2) Importer(815301076,1909f56bfc062723c751e8b465ee728b)  -> (artifact id: 'b53c22b59fc41e3aeb1ae381d7e7909a') in 0.138968 seconds 
========================================================================
Received Import Request.
  Time since last request: 248.495854 seconds.
  path: Assets/_Projeto/Arts/IlhaVermelhaArt/Models/Ilha/P치tio Vermelho 3.0.dae
  artifactKey: Guid(0b5fd325910182e4faa2956d2c714a49) Importer(815301076,1909f56bfc062723c751e8b465ee728b)
Start importing Assets/_Projeto/Arts/IlhaVermelhaArt/Models/Ilha/P치tio Vermelho 3.0.dae using Guid(0b5fd325910182e4faa2956d2c714a49) Importer(815301076,1909f56bfc062723c751e8b465ee728b)  -> (artifact id: '86078f61c56a6b3077ab31104690b2e7') in 0.222823 seconds 
========================================================================
Received Import Request.
  Time since last request: 7.256844 seconds.
  path: Assets/_Projeto/Arts/IlhaVermelhaArt/Models/Ilha/P치tio Vermelho 3.0.png
  artifactKey: Guid(ef078c4933846cf40bf6aa391d20cf5a) Importer(815301076,1909f56bfc062723c751e8b465ee728b)
Start importing Assets/_Projeto/Arts/IlhaVermelhaArt/Models/Ilha/P치tio Vermelho 3.0.png using Guid(ef078c4933846cf40bf6aa391d20cf5a) Importer(815301076,1909f56bfc062723c751e8b465ee728b)  -> (artifact id: 'ac4134ea983942333cec1fe5598d9ab1') in 0.153312 seconds 
========================================================================
Received Import Request.
  Time since last request: 1083.501534 seconds.
  path: Assets/_Projeto/Arts/IlhaVermelhaArt/Models/Ilha/3D ilha como um todo.dae
  artifactKey: Guid(29743af89c5b4094cb90dac800ae8699) Importer(815301076,1909f56bfc062723c751e8b465ee728b)
Start importing Assets/_Projeto/Arts/IlhaVermelhaArt/Models/Ilha/3D ilha como um todo.dae using Guid(29743af89c5b4094cb90dac800ae8699) Importer(815301076,1909f56bfc062723c751e8b465ee728b)  -> (artifact id: 'cb982261abe1f503a4559e0549672297') in 0.184257 seconds 
========================================================================
Received Import Request.
  Time since last request: 5.037050 seconds.
  path: Assets/_Projeto/Arts/IlhaVermelhaArt/Models/Ilha/3D ilha como um todo.dae
  artifactKey: Guid(29743af89c5b4094cb90dac800ae8699) Importer(815301076,1909f56bfc062723c751e8b465ee728b)
Start importing Assets/_Projeto/Arts/IlhaVermelhaArt/Models/Ilha/3D ilha como um todo.dae using Guid(29743af89c5b4094cb90dac800ae8699) Importer(815301076,1909f56bfc062723c751e8b465ee728b)  -> (artifact id: '45687afb28549bf3a31f5b7d3a9a146c') in 0.089701 seconds 
========================================================================
Received Import Request.
  Time since last request: 44.432791 seconds.
  path: Assets/_Projeto/Arts/IlhaVermelhaArt/Models/Ilha/3D ilha como um todo.dae
  artifactKey: Guid(29743af89c5b4094cb90dac800ae8699) Importer(815301076,1909f56bfc062723c751e8b465ee728b)
Start importing Assets/_Projeto/Arts/IlhaVermelhaArt/Models/Ilha/3D ilha como um todo.dae using Guid(29743af89c5b4094cb90dac800ae8699) Importer(815301076,1909f56bfc062723c751e8b465ee728b)  -> (artifact id: 'd22a7f27090ee9e60bacb4b146a91058') in 0.097837 seconds 
========================================================================
Received Import Request.
  Time since last request: 755.988966 seconds.
  path: Assets/_Projeto/Arts/IlhaVermelhaArt/Models/Ilha/3D_ilha_como_um_todo.dae
  artifactKey: Guid(79f1b26ee11b8b94593b795e8c7684f5) Importer(815301076,1909f56bfc062723c751e8b465ee728b)
Start importing Assets/_Projeto/Arts/IlhaVermelhaArt/Models/Ilha/3D_ilha_como_um_todo.dae using Guid(79f1b26ee11b8b94593b795e8c7684f5) Importer(815301076,1909f56bfc062723c751e8b465ee728b)  -> (artifact id: '024b010144f901350e4f4611437145c4') in 0.206616 seconds 
========================================================================
Received Import Request.
  Time since last request: 645.392184 seconds.
  path: Assets/_Projeto/Arts/IlhaVermelhaArt/Models/Ilha/3D_ilha_como_um_todo_2.0.dae
  artifactKey: Guid(9a02f762bd274e0409e78fa80f481191) Importer(815301076,1909f56bfc062723c751e8b465ee728b)
Start importing Assets/_Projeto/Arts/IlhaVermelhaArt/Models/Ilha/3D_ilha_como_um_todo_2.0.dae using Guid(9a02f762bd274e0409e78fa80f481191) Importer(815301076,1909f56bfc062723c751e8b465ee728b)  -> (artifact id: '8861c816ab9ae303367125f3b45ec0c6') in 0.227124 seconds 
========================================================================
Received Prepare
Registering precompiled user dll's ...
Registered in 1.382679 seconds.
Begin MonoManager ReloadAssembly
Native extension for WindowsStandalone target not found
Refreshing native plugins compatible for Editor in 1.42 ms, found 4 plugins.
Preloading 0 native plugins for Editor in 0.00 ms.
Mono: successfully reloaded assembly
- Completed reload, in  2.037 seconds
Domain Reload Profiling:
	ReloadAssembly (2039ms)
		BeginReloadAssembly (352ms)
			ExecutionOrderSort (0ms)
			DisableScriptedObjects (33ms)
			BackupInstance (0ms)
			ReleaseScriptingObjects (0ms)
			CreateAndSetChildDomain (143ms)
		EndReloadAssembly (1594ms)
			LoadAssemblies (194ms)
			RebuildTransferFunctionScriptingTraits (1ms)
			SetupTypeCache (536ms)
			ReleaseScriptCaches (5ms)
			RebuildScriptCaches (95ms)
			SetupLoadedEditorAssemblies (505ms)
				LogAssemblyErrors (0ms)
				InitializePlatformSupportModulesInManaged (5ms)
				SetLoadedEditorAssemblies (1ms)
				RefreshPlugins (2ms)
				BeforeProcessingInitializeOnLoad (135ms)
				ProcessInitializeOnLoadAttributes (333ms)
				ProcessInitializeOnLoadMethodAttributes (16ms)
				AfterProcessingInitializeOnLoad (14ms)
				EditorAssembliesLoaded (0ms)
			ExecutionOrderSort2 (0ms)
			AwakeInstancesAfterBackupRestoration (19ms)
Platform modules already initialized, skipping
Refreshing native plugins compatible for Editor in 2.17 ms, found 4 plugins.
Preloading 0 native plugins for Editor in 0.00 ms.
Unloading 3712 Unused Serialized files (Serialized files now loaded: 0)
System memory in use before: 189.1 MB.
System memory in use after: 189.3 MB.

Unloading 70 unused Assets to reduce memory usage. Loaded Objects now: 4397.
Total: 5.166300 ms (FindLiveObjects: 0.538200 ms CreateObjectMapping: 0.589000 ms MarkObjects: 3.987300 ms  DeleteObjects: 0.050300 ms)

AssetImportParameters requested are different than current active one (requested -> active):
  custom:framework-win-MediaFoundation: 216162199b28c13a410421893ffa2e32 -> 
  custom:video-decoder-ogg-theora: a1e56fd34408186e4bbccfd4996cb3dc -> 
  custom:container-muxer-webm: aa71ff27fc2769a1b78a27578f13a17b -> 
  custom:container-demuxer-webm: 4f35f7cbe854078d1ac9338744f61a02 -> 
  custom:container-demuxer-ogg: 62fdf1f143b41e24485cea50d1cbac27 -> 
  custom:video-encoder-webm-vp8: eb34c28f22e8b96e1ab97ce403110664 -> 
  custom:video-decoder-webm-vp8: 9c59270c3fd7afecdb556c50c9e8de78 -> 
  custom:audio-decoder-ogg-vorbis: bf7c407c2cedff20999df2af8eb42d56 -> 
  custom:audio-encoder-webm-vorbis: bf7c407c2cedff20999df2af8eb42d56 -> 
========================================================================
Received Prepare
Registering precompiled user dll's ...
Registered in 0.007107 seconds.
Begin MonoManager ReloadAssembly
Native extension for WindowsStandalone target not found
Refreshing native plugins compatible for Editor in 4.36 ms, found 4 plugins.
Preloading 0 native plugins for Editor in 0.00 ms.
Mono: successfully reloaded assembly
- Completed reload, in  3.888 seconds
Domain Reload Profiling:
	ReloadAssembly (3891ms)
		BeginReloadAssembly (399ms)
			ExecutionOrderSort (0ms)
			DisableScriptedObjects (13ms)
			BackupInstance (0ms)
			ReleaseScriptingObjects (1ms)
			CreateAndSetChildDomain (166ms)
		EndReloadAssembly (3321ms)
			LoadAssemblies (361ms)
			RebuildTransferFunctionScriptingTraits (0ms)
			SetupTypeCache (1034ms)
			ReleaseScriptCaches (8ms)
			RebuildScriptCaches (255ms)
			SetupLoadedEditorAssemblies (1266ms)
				LogAssemblyErrors (0ms)
				InitializePlatformSupportModulesInManaged (7ms)
				SetLoadedEditorAssemblies (1ms)
				RefreshPlugins (5ms)
				BeforeProcessingInitializeOnLoad (357ms)
				ProcessInitializeOnLoadAttributes (820ms)
				ProcessInitializeOnLoadMethodAttributes (59ms)
				AfterProcessingInitializeOnLoad (17ms)
				EditorAssembliesLoaded (1ms)
			ExecutionOrderSort2 (0ms)
			AwakeInstancesAfterBackupRestoration (94ms)
Platform modules already initialized, skipping
Refreshing native plugins compatible for Editor in 3.59 ms, found 4 plugins.
Preloading 0 native plugins for Editor in 0.00 ms.
Unloading 3712 Unused Serialized files (Serialized files now loaded: 0)
System memory in use before: 189.1 MB.
System memory in use after: 189.4 MB.

Unloading 70 unused Assets to reduce memory usage. Loaded Objects now: 4400.
Total: 12.914200 ms (FindLiveObjects: 1.900000 ms CreateObjectMapping: 1.094500 ms MarkObjects: 9.764900 ms  DeleteObjects: 0.151100 ms)

AssetImportParameters requested are different than current active one (requested -> active):
  custom:framework-win-MediaFoundation: 216162199b28c13a410421893ffa2e32 -> 
  custom:video-decoder-ogg-theora: a1e56fd34408186e4bbccfd4996cb3dc -> 
  custom:container-muxer-webm: aa71ff27fc2769a1b78a27578f13a17b -> 
  custom:container-demuxer-webm: 4f35f7cbe854078d1ac9338744f61a02 -> 
  custom:container-demuxer-ogg: 62fdf1f143b41e24485cea50d1cbac27 -> 
  custom:video-encoder-webm-vp8: eb34c28f22e8b96e1ab97ce403110664 -> 
  custom:video-decoder-webm-vp8: 9c59270c3fd7afecdb556c50c9e8de78 -> 
  custom:audio-decoder-ogg-vorbis: bf7c407c2cedff20999df2af8eb42d56 -> 
  custom:audio-encoder-webm-vorbis: bf7c407c2cedff20999df2af8eb42d56 -> 
========================================================================
Received Import Request.
  Time since last request: 1246.047212 seconds.
  path: Assets/_Fog_Plane/Shaders/Fog_Perspective.shadergraph
  artifactKey: Guid(533e6b0d0656d48439c9cfabbe8a0ae2) Importer(815301076,1909f56bfc062723c751e8b465ee728b)
Start importing Assets/_Fog_Plane/Shaders/Fog_Perspective.shadergraph using Guid(533e6b0d0656d48439c9cfabbe8a0ae2) Importer(815301076,1909f56bfc062723c751e8b465ee728b)  -> (artifact id: '6144157061252d593a7f60a0015ce36f') in 0.048111 seconds 
========================================================================
Received Import Request.
  Time since last request: 177.683615 seconds.
  path: Assets/_Fog_Plane/Shaders/Fog_Perspective.shadergraph
  artifactKey: Guid(533e6b0d0656d48439c9cfabbe8a0ae2) Importer(815301076,1909f56bfc062723c751e8b465ee728b)
Start importing Assets/_Fog_Plane/Shaders/Fog_Perspective.shadergraph using Guid(533e6b0d0656d48439c9cfabbe8a0ae2) Importer(815301076,1909f56bfc062723c751e8b465ee728b)  -> (artifact id: 'deef33903ad2df0b612c414fc9ccde61') in 0.029198 seconds 
