Using pre-set license
Built from '2020.3/staging' branch; Version is '2020.3.32f1 (12f8b0834f07) revision 1243312'; Using compiler version '192528614'; Build Type 'Release'
OS: 'Windows 10  (10.0.19044) 64bit Professional' Language: 'en' Physical Memory: 16319 MB
BatchMode: 1, IsHumanControllingUs: 0, StartBugReporterOnCrash: 0, Is64bit: 1, IsPro: 0

COMMAND LINE ARGUMENTS:
C:\Program Files\Unity\Hub\Editor\2020.3.32f1\Editor\Unity.exe
-adb2
-batchMode
-noUpm
-name
AssetImportWorker0
-projectPath
D:/Lucas/Unity/PROJETOS/Faculdade/TCC/GameColors-Matiz-main/GameColors-Matiz-main/GameColors-Matiz/Matiz
-logFile
Logs/AssetImportWorker0.log
-srvPort
54410
Successfully changed project path to: D:/Lucas/Unity/PROJETOS/Faculdade/TCC/GameColors-Matiz-main/GameColors-Matiz-main/GameColors-Matiz/Matiz
D:/Lucas/Unity/PROJETOS/Faculdade/TCC/GameColors-Matiz-main/GameColors-Matiz-main/GameColors-Matiz/Matiz
Using Asset Import Pipeline V2.
Refreshing native plugins compatible for Editor in 115.24 ms, found 2 plugins.
Preloading 0 native plugins for Editor in 0.00 ms.
Initialize engine version: 2020.3.32f1 (12f8b0834f07)
[Subsystems] Discovering subsystems at path C:/Program Files/Unity/Hub/Editor/2020.3.32f1/Editor/Data/Resources/UnitySubsystems
[Subsystems] Discovering subsystems at path D:/Lucas/Unity/PROJETOS/Faculdade/TCC/GameColors-Matiz-main/GameColors-Matiz-main/GameColors-Matiz/Matiz/Assets
GfxDevice: creating device client; threaded=0
Direct3D:
    Version:  Direct3D 11.0 [level 11.1]
    Renderer: NVIDIA GeForce GTX 1660 (ID=0x2184)
    Vendor:   
    VRAM:     5991 MB
    Driver:   27.21.14.5671
Initialize mono
Mono path[0] = 'C:/Program Files/Unity/Hub/Editor/2020.3.32f1/Editor/Data/Managed'
Mono path[1] = 'C:/Program Files/Unity/Hub/Editor/2020.3.32f1/Editor/Data/MonoBleedingEdge/lib/mono/unityjit'
Mono config path = 'C:/Program Files/Unity/Hub/Editor/2020.3.32f1/Editor/Data/MonoBleedingEdge/etc'
Using monoOptions --debugger-agent=transport=dt_socket,embedding=1,server=y,suspend=n,address=127.0.0.1:56032
Begin MonoManager ReloadAssembly
Registering precompiled unity dll's ...
Register platform support module: C:/Program Files/Unity/Hub/Editor/2020.3.32f1/Editor/Data/PlaybackEngines/WindowsStandaloneSupport/UnityEditor.WindowsStandalone.Extensions.dll
Registered in 0.121260 seconds.
Native extension for WindowsStandalone target not found
Refreshing native plugins compatible for Editor in 59.07 ms, found 2 plugins.
Preloading 0 native plugins for Editor in 0.00 ms.
Mono: successfully reloaded assembly
- Completed reload, in  3.010 seconds
Domain Reload Profiling:
	ReloadAssembly (3010ms)
		BeginReloadAssembly (2082ms)
			ExecutionOrderSort (0ms)
			DisableScriptedObjects (0ms)
			BackupInstance (0ms)
			ReleaseScriptingObjects (0ms)
			CreateAndSetChildDomain (1ms)
		EndReloadAssembly (666ms)
			LoadAssemblies (2080ms)
			RebuildTransferFunctionScriptingTraits (0ms)
			SetupTypeCache (360ms)
			ReleaseScriptCaches (0ms)
			RebuildScriptCaches (28ms)
			SetupLoadedEditorAssemblies (174ms)
				LogAssemblyErrors (0ms)
				InitializePlatformSupportModulesInManaged (5ms)
				SetLoadedEditorAssemblies (0ms)
				RefreshPlugins (59ms)
				BeforeProcessingInitializeOnLoad (15ms)
				ProcessInitializeOnLoadAttributes (67ms)
				ProcessInitializeOnLoadMethodAttributes (28ms)
				AfterProcessingInitializeOnLoad (0ms)
				EditorAssembliesLoaded (0ms)
			ExecutionOrderSort2 (0ms)
			AwakeInstancesAfterBackupRestoration (0ms)
Platform modules already initialized, skipping
Registering precompiled user dll's ...
Registered in 0.521452 seconds.
Begin MonoManager ReloadAssembly
Native extension for WindowsStandalone target not found
Refreshing native plugins compatible for Editor in 57.21 ms, found 2 plugins.
Preloading 0 native plugins for Editor in 0.00 ms.
Mono: successfully reloaded assembly
- Completed reload, in  4.397 seconds
Domain Reload Profiling:
	ReloadAssembly (4400ms)
		BeginReloadAssembly (131ms)
			ExecutionOrderSort (0ms)
			DisableScriptedObjects (4ms)
			BackupInstance (0ms)
			ReleaseScriptingObjects (0ms)
			CreateAndSetChildDomain (18ms)
		EndReloadAssembly (4215ms)
			LoadAssemblies (2373ms)
			RebuildTransferFunctionScriptingTraits (0ms)
			SetupTypeCache (697ms)
			ReleaseScriptCaches (1ms)
			RebuildScriptCaches (51ms)
			SetupLoadedEditorAssemblies (986ms)
				LogAssemblyErrors (0ms)
				InitializePlatformSupportModulesInManaged (3ms)
				SetLoadedEditorAssemblies (0ms)
				RefreshPlugins (57ms)
				BeforeProcessingInitializeOnLoad (79ms)
				ProcessInitializeOnLoadAttributes (339ms)
				ProcessInitializeOnLoadMethodAttributes (500ms)
				AfterProcessingInitializeOnLoad (6ms)
				EditorAssembliesLoaded (0ms)
			ExecutionOrderSort2 (0ms)
			AwakeInstancesAfterBackupRestoration (5ms)
Platform modules already initialized, skipping
========================================================================
Worker process is ready to serve import requests
Launched and connected shader compiler UnityShaderCompiler.exe after 0.07 seconds
Refreshing native plugins compatible for Editor in 0.66 ms, found 2 plugins.
Preloading 0 native plugins for Editor in 0.00 ms.
Unloading 3190 Unused Serialized files (Serialized files now loaded: 0)
System memory in use before: 152.0 MB.
System memory in use after: 152.2 MB.

Unloading 20 unused Assets to reduce memory usage. Loaded Objects now: 3634.
Total: 3.545500 ms (FindLiveObjects: 0.274300 ms CreateObjectMapping: 0.104800 ms MarkObjects: 3.065000 ms  DeleteObjects: 0.100500 ms)

AssetImportParameters requested are different than current active one (requested -> active):
  custom:framework-win-MediaFoundation: 216162199b28c13a410421893ffa2e32 -> 
  custom:video-decoder-ogg-theora: a1e56fd34408186e4bbccfd4996cb3dc -> 
  custom:container-muxer-webm: aa71ff27fc2769a1b78a27578f13a17b -> 
  custom:container-demuxer-webm: 4f35f7cbe854078d1ac9338744f61a02 -> 
  custom:container-demuxer-ogg: 62fdf1f143b41e24485cea50d1cbac27 -> 
  custom:video-encoder-webm-vp8: eb34c28f22e8b96e1ab97ce403110664 -> 
  custom:video-decoder-webm-vp8: 9c59270c3fd7afecdb556c50c9e8de78 -> 
  custom:audio-decoder-ogg-vorbis: bf7c407c2cedff20999df2af8eb42d56 -> 
  custom:audio-encoder-webm-vorbis: bf7c407c2cedff20999df2af8eb42d56 -> 
========================================================================
Received Import Request.
  path: Assets/FXIFIED/Stylized VFX Free Pack/Resources/Meshes/FX_MSH_Coin_AA.FBX
  artifactKey: Guid(9d622ecb8356a194a9a78cd6f3beec4f) Importer(815301076,1909f56bfc062723c751e8b465ee728b)
Start importing Assets/FXIFIED/Stylized VFX Free Pack/Resources/Meshes/FX_MSH_Coin_AA.FBX using Guid(9d622ecb8356a194a9a78cd6f3beec4f) Importer(815301076,1909f56bfc062723c751e8b465ee728b)  -> (artifact id: 'd6127264315b4fe4b2c312e84e98f6ae') in 0.297849 seconds 
========================================================================
Received Import Request.
  Time since last request: 0.000109 seconds.
  path: Assets/_Projeto/Prefabs/VFX/Player/Red Special Skill/FX_Red-Special-Skill.prefab
  artifactKey: Guid(0a3972e964dcd2b47b2a3bc58d35d554) Importer(815301076,1909f56bfc062723c751e8b465ee728b)
Start importing Assets/_Projeto/Prefabs/VFX/Player/Red Special Skill/FX_Red-Special-Skill.prefab using Guid(0a3972e964dcd2b47b2a3bc58d35d554) Importer(815301076,1909f56bfc062723c751e8b465ee728b)  -> (artifact id: 'c2f290bf58d44e4c011276d0db1db36b') in 0.019770 seconds 
========================================================================
Received Import Request.
  Time since last request: 0.000197 seconds.
  path: Assets/FXIFIED/Stylized VFX Free Pack/Resources/Meshes/FX_MSH_Cylinder_AA.FBX
  artifactKey: Guid(6bb435dad7594f34e9be79378ca75ca4) Importer(815301076,1909f56bfc062723c751e8b465ee728b)
Start importing Assets/FXIFIED/Stylized VFX Free Pack/Resources/Meshes/FX_MSH_Cylinder_AA.FBX using Guid(6bb435dad7594f34e9be79378ca75ca4) Importer(815301076,1909f56bfc062723c751e8b465ee728b)  -> (artifact id: 'e0c948c308b2b658345c604e44592b9e') in 0.023454 seconds 
========================================================================
Received Import Request.
  Time since last request: 5.183604 seconds.
  path: Assets/_Projeto/Prefabs/VFX/Player/Red Special Skill/FX_Red-Special-Skill.prefab
  artifactKey: Guid(0a3972e964dcd2b47b2a3bc58d35d554) Importer(815301076,1909f56bfc062723c751e8b465ee728b)
Start importing Assets/_Projeto/Prefabs/VFX/Player/Red Special Skill/FX_Red-Special-Skill.prefab using Guid(0a3972e964dcd2b47b2a3bc58d35d554) Importer(815301076,1909f56bfc062723c751e8b465ee728b)  -> (artifact id: '7f8cee6b5573052e3e63b2f777141b80') in 0.012338 seconds 
========================================================================
Received Import Request.
  Time since last request: 4.027014 seconds.
  path: Assets/_Projeto/Prefabs/VFX/Player/Red Special Skill/FX_Red-Special-Skill.prefab
  artifactKey: Guid(0a3972e964dcd2b47b2a3bc58d35d554) Importer(815301076,1909f56bfc062723c751e8b465ee728b)
Start importing Assets/_Projeto/Prefabs/VFX/Player/Red Special Skill/FX_Red-Special-Skill.prefab using Guid(0a3972e964dcd2b47b2a3bc58d35d554) Importer(815301076,1909f56bfc062723c751e8b465ee728b)  -> (artifact id: 'bdb5d7bd338fb299c3441599daad3e92') in 0.010971 seconds 
========================================================================
Received Import Request.
  Time since last request: 3.999574 seconds.
  path: Assets/_Projeto/Prefabs/VFX/Player/Red Special Skill/FX_Red-Special-Skill.prefab
  artifactKey: Guid(0a3972e964dcd2b47b2a3bc58d35d554) Importer(815301076,1909f56bfc062723c751e8b465ee728b)
Start importing Assets/_Projeto/Prefabs/VFX/Player/Red Special Skill/FX_Red-Special-Skill.prefab using Guid(0a3972e964dcd2b47b2a3bc58d35d554) Importer(815301076,1909f56bfc062723c751e8b465ee728b)  -> (artifact id: '8dead1a3881c031cde74e27e87d28ca5') in 0.011138 seconds 
========================================================================
Received Import Request.
  Time since last request: 11.869332 seconds.
  path: Assets/_Projeto/Prefabs/VFX/Player/Red Special Skill/FX_Red-Special-Skill.prefab
  artifactKey: Guid(0a3972e964dcd2b47b2a3bc58d35d554) Importer(815301076,1909f56bfc062723c751e8b465ee728b)
Start importing Assets/_Projeto/Prefabs/VFX/Player/Red Special Skill/FX_Red-Special-Skill.prefab using Guid(0a3972e964dcd2b47b2a3bc58d35d554) Importer(815301076,1909f56bfc062723c751e8b465ee728b)  -> (artifact id: '81462759d1845305a916ecbbe8deaa85') in 0.010150 seconds 
========================================================================
Received Import Request.
  Time since last request: 5.219914 seconds.
  path: Assets/_Projeto/Prefabs/VFX/Player/Red Special Skill/FX_Red-Special-Skill.prefab
  artifactKey: Guid(0a3972e964dcd2b47b2a3bc58d35d554) Importer(815301076,1909f56bfc062723c751e8b465ee728b)
Start importing Assets/_Projeto/Prefabs/VFX/Player/Red Special Skill/FX_Red-Special-Skill.prefab using Guid(0a3972e964dcd2b47b2a3bc58d35d554) Importer(815301076,1909f56bfc062723c751e8b465ee728b)  -> (artifact id: '3d0558025d78d8b71d7c7c77543d3777') in 0.017947 seconds 
========================================================================
Received Import Request.
  Time since last request: 12.145306 seconds.
  path: Assets/_Projeto/Prefabs/VFX/Player/Red Special Skill/FX_Red-Special-Skill.prefab
  artifactKey: Guid(0a3972e964dcd2b47b2a3bc58d35d554) Importer(815301076,1909f56bfc062723c751e8b465ee728b)
Start importing Assets/_Projeto/Prefabs/VFX/Player/Red Special Skill/FX_Red-Special-Skill.prefab using Guid(0a3972e964dcd2b47b2a3bc58d35d554) Importer(815301076,1909f56bfc062723c751e8b465ee728b)  -> (artifact id: 'f9b97c5a4e79364753ac7b4b56db0699') in 0.010117 seconds 
========================================================================
Received Import Request.
  Time since last request: 3.022076 seconds.
  path: Assets/_Projeto/Prefabs/VFX/Player/Red Special Skill/FX_Red-Special-Skill.prefab
  artifactKey: Guid(0a3972e964dcd2b47b2a3bc58d35d554) Importer(815301076,1909f56bfc062723c751e8b465ee728b)
Start importing Assets/_Projeto/Prefabs/VFX/Player/Red Special Skill/FX_Red-Special-Skill.prefab using Guid(0a3972e964dcd2b47b2a3bc58d35d554) Importer(815301076,1909f56bfc062723c751e8b465ee728b)  -> (artifact id: '207c716355cf51b581c7a8610cf686cd') in 0.010653 seconds 
========================================================================
Received Import Request.
  Time since last request: 15.179229 seconds.
  path: Assets/_Projeto/Prefabs/VFX/Player/Red Special Skill/FX_Red-Special-Skill.prefab
  artifactKey: Guid(0a3972e964dcd2b47b2a3bc58d35d554) Importer(815301076,1909f56bfc062723c751e8b465ee728b)
Start importing Assets/_Projeto/Prefabs/VFX/Player/Red Special Skill/FX_Red-Special-Skill.prefab using Guid(0a3972e964dcd2b47b2a3bc58d35d554) Importer(815301076,1909f56bfc062723c751e8b465ee728b)  -> (artifact id: '2c301d131d8e2689b902ecde149cc57c') in 0.011582 seconds 
========================================================================
Received Import Request.
  Time since last request: 2.607652 seconds.
  path: Assets/_Projeto/Prefabs/VFX/Player/Red Special Skill/FX_Red-Special-Skill.prefab
  artifactKey: Guid(0a3972e964dcd2b47b2a3bc58d35d554) Importer(815301076,1909f56bfc062723c751e8b465ee728b)
Start importing Assets/_Projeto/Prefabs/VFX/Player/Red Special Skill/FX_Red-Special-Skill.prefab using Guid(0a3972e964dcd2b47b2a3bc58d35d554) Importer(815301076,1909f56bfc062723c751e8b465ee728b)  -> (artifact id: 'd51b844e17e990c076d2a295a61f9fba') in 0.012239 seconds 
========================================================================
Received Import Request.
  Time since last request: 6.271122 seconds.
  path: Assets/_Projeto/Prefabs/VFX/Player/Red Special Skill/FX_Red-Special-Skill.prefab
  artifactKey: Guid(0a3972e964dcd2b47b2a3bc58d35d554) Importer(815301076,1909f56bfc062723c751e8b465ee728b)
Start importing Assets/_Projeto/Prefabs/VFX/Player/Red Special Skill/FX_Red-Special-Skill.prefab using Guid(0a3972e964dcd2b47b2a3bc58d35d554) Importer(815301076,1909f56bfc062723c751e8b465ee728b)  -> (artifact id: 'dc026a824f7a24098f507079237464f4') in 0.010932 seconds 
========================================================================
Received Import Request.
  Time since last request: 8.423232 seconds.
  path: Assets/_Projeto/Prefabs/VFX/Player/Red Special Skill/FX_Red-Special-Skill.prefab
  artifactKey: Guid(0a3972e964dcd2b47b2a3bc58d35d554) Importer(815301076,1909f56bfc062723c751e8b465ee728b)
Start importing Assets/_Projeto/Prefabs/VFX/Player/Red Special Skill/FX_Red-Special-Skill.prefab using Guid(0a3972e964dcd2b47b2a3bc58d35d554) Importer(815301076,1909f56bfc062723c751e8b465ee728b)  -> (artifact id: '38aa2fd6ba8999778572c47f061c64d1') in 0.027671 seconds 
========================================================================
Received Import Request.
  Time since last request: 0.976101 seconds.
  path: Assets/_Projeto/Prefabs/VFX/Player/Red Special Skill/FX_Red-Special-Skill.prefab
  artifactKey: Guid(0a3972e964dcd2b47b2a3bc58d35d554) Importer(815301076,1909f56bfc062723c751e8b465ee728b)
Start importing Assets/_Projeto/Prefabs/VFX/Player/Red Special Skill/FX_Red-Special-Skill.prefab using Guid(0a3972e964dcd2b47b2a3bc58d35d554) Importer(815301076,1909f56bfc062723c751e8b465ee728b)  -> (artifact id: 'eb7aff0e65b80382a5c5061c6f32a250') in 0.011088 seconds 
========================================================================
Received Import Request.
  Time since last request: 3.416227 seconds.
  path: Assets/_Projeto/Prefabs/VFX/Player/Red Special Skill/FX_Red-Special-Skill.prefab
  artifactKey: Guid(0a3972e964dcd2b47b2a3bc58d35d554) Importer(815301076,1909f56bfc062723c751e8b465ee728b)
Start importing Assets/_Projeto/Prefabs/VFX/Player/Red Special Skill/FX_Red-Special-Skill.prefab using Guid(0a3972e964dcd2b47b2a3bc58d35d554) Importer(815301076,1909f56bfc062723c751e8b465ee728b)  -> (artifact id: '49c0a67b91b310b73dae382d5000b8d6') in 0.011582 seconds 
========================================================================
Received Import Request.
  Time since last request: 1.396128 seconds.
  path: Assets/_Projeto/Prefabs/VFX/Player/Red Special Skill/FX_Red-Special-Skill.prefab
  artifactKey: Guid(0a3972e964dcd2b47b2a3bc58d35d554) Importer(815301076,1909f56bfc062723c751e8b465ee728b)
Start importing Assets/_Projeto/Prefabs/VFX/Player/Red Special Skill/FX_Red-Special-Skill.prefab using Guid(0a3972e964dcd2b47b2a3bc58d35d554) Importer(815301076,1909f56bfc062723c751e8b465ee728b)  -> (artifact id: 'a36f4d22774c1e3ca29a15d1ce420708') in 0.011459 seconds 
========================================================================
Received Import Request.
  Time since last request: 1.392929 seconds.
  path: Assets/_Projeto/Prefabs/VFX/Player/Red Special Skill/FX_Red-Special-Skill.prefab
  artifactKey: Guid(0a3972e964dcd2b47b2a3bc58d35d554) Importer(815301076,1909f56bfc062723c751e8b465ee728b)
Start importing Assets/_Projeto/Prefabs/VFX/Player/Red Special Skill/FX_Red-Special-Skill.prefab using Guid(0a3972e964dcd2b47b2a3bc58d35d554) Importer(815301076,1909f56bfc062723c751e8b465ee728b)  -> (artifact id: '40786c14a4412825c3f45aa2e273cd4f') in 0.017681 seconds 
========================================================================
Received Import Request.
  Time since last request: 1.997303 seconds.
  path: Assets/_Projeto/Prefabs/VFX/Player/Red Special Skill/FX_Red-Special-Skill.prefab
  artifactKey: Guid(0a3972e964dcd2b47b2a3bc58d35d554) Importer(815301076,1909f56bfc062723c751e8b465ee728b)
Start importing Assets/_Projeto/Prefabs/VFX/Player/Red Special Skill/FX_Red-Special-Skill.prefab using Guid(0a3972e964dcd2b47b2a3bc58d35d554) Importer(815301076,1909f56bfc062723c751e8b465ee728b)  -> (artifact id: '540f27680983cf6bd14f3e3664eb2127') in 0.012759 seconds 
========================================================================
Received Import Request.
  Time since last request: 4.817337 seconds.
  path: Assets/_Projeto/Prefabs/VFX/Player/Red Special Skill/FX_Red-Special-Skill.prefab
  artifactKey: Guid(0a3972e964dcd2b47b2a3bc58d35d554) Importer(815301076,1909f56bfc062723c751e8b465ee728b)
Start importing Assets/_Projeto/Prefabs/VFX/Player/Red Special Skill/FX_Red-Special-Skill.prefab using Guid(0a3972e964dcd2b47b2a3bc58d35d554) Importer(815301076,1909f56bfc062723c751e8b465ee728b)  -> (artifact id: '48193aa72a926eb73e9350a60893b09d') in 0.011628 seconds 
========================================================================
Received Import Request.
  Time since last request: 12.313700 seconds.
  path: Assets/_Projeto/Scenes/Inimigos.unity
  artifactKey: Guid(851a201ac3c56814db9bbbd8032e1c67) Importer(815301076,1909f56bfc062723c751e8b465ee728b)
Start importing Assets/_Projeto/Scenes/Inimigos.unity using Guid(851a201ac3c56814db9bbbd8032e1c67) Importer(815301076,1909f56bfc062723c751e8b465ee728b)  -> (artifact id: '67ab06827cb788b14cd93d7bc9b609b1') in 0.004721 seconds 
========================================================================
Received Import Request.
  Time since last request: 56.151765 seconds.
  path: Assets/_Projeto/Prefabs/SpecialVermelho.prefab
  artifactKey: Guid(31cb7bfa1a07d934eb349667fdb77b7e) Importer(815301076,1909f56bfc062723c751e8b465ee728b)
Start importing Assets/_Projeto/Prefabs/SpecialVermelho.prefab using Guid(31cb7bfa1a07d934eb349667fdb77b7e) Importer(815301076,1909f56bfc062723c751e8b465ee728b)  -> (artifact id: 'bca1e8c7802e142faae2a66dd445acae') in 0.045594 seconds 
========================================================================
Received Prepare
Registering precompiled user dll's ...
Registered in 0.002582 seconds.
Begin MonoManager ReloadAssembly
Native extension for WindowsStandalone target not found
Refreshing native plugins compatible for Editor in 0.70 ms, found 2 plugins.
Preloading 0 native plugins for Editor in 0.00 ms.
Mono: successfully reloaded assembly
- Completed reload, in  0.955 seconds
Domain Reload Profiling:
	ReloadAssembly (956ms)
		BeginReloadAssembly (118ms)
			ExecutionOrderSort (0ms)
			DisableScriptedObjects (5ms)
			BackupInstance (0ms)
			ReleaseScriptingObjects (0ms)
			CreateAndSetChildDomain (35ms)
		EndReloadAssembly (782ms)
			LoadAssemblies (82ms)
			RebuildTransferFunctionScriptingTraits (0ms)
			SetupTypeCache (266ms)
			ReleaseScriptCaches (1ms)
			RebuildScriptCaches (41ms)
			SetupLoadedEditorAssemblies (276ms)
				LogAssemblyErrors (0ms)
				InitializePlatformSupportModulesInManaged (3ms)
				SetLoadedEditorAssemblies (0ms)
				RefreshPlugins (1ms)
				BeforeProcessingInitializeOnLoad (80ms)
				ProcessInitializeOnLoadAttributes (178ms)
				ProcessInitializeOnLoadMethodAttributes (7ms)
				AfterProcessingInitializeOnLoad (6ms)
				EditorAssembliesLoaded (0ms)
			ExecutionOrderSort2 (0ms)
			AwakeInstancesAfterBackupRestoration (14ms)
Platform modules already initialized, skipping
Refreshing native plugins compatible for Editor in 0.73 ms, found 2 plugins.
Preloading 0 native plugins for Editor in 0.00 ms.
Unloading 3030 Unused Serialized files (Serialized files now loaded: 0)
System memory in use before: 145.5 MB.
System memory in use after: 145.7 MB.

Unloading 15 unused Assets to reduce memory usage. Loaded Objects now: 3718.
Total: 3.226600 ms (FindLiveObjects: 0.292300 ms CreateObjectMapping: 0.099600 ms MarkObjects: 2.811300 ms  DeleteObjects: 0.022200 ms)

AssetImportParameters requested are different than current active one (requested -> active):
  custom:framework-win-MediaFoundation: 216162199b28c13a410421893ffa2e32 -> 
  custom:video-decoder-ogg-theora: a1e56fd34408186e4bbccfd4996cb3dc -> 
  custom:container-muxer-webm: aa71ff27fc2769a1b78a27578f13a17b -> 
  custom:container-demuxer-webm: 4f35f7cbe854078d1ac9338744f61a02 -> 
  custom:container-demuxer-ogg: 62fdf1f143b41e24485cea50d1cbac27 -> 
  custom:video-encoder-webm-vp8: eb34c28f22e8b96e1ab97ce403110664 -> 
  custom:video-decoder-webm-vp8: 9c59270c3fd7afecdb556c50c9e8de78 -> 
  custom:audio-decoder-ogg-vorbis: bf7c407c2cedff20999df2af8eb42d56 -> 
  custom:audio-encoder-webm-vorbis: bf7c407c2cedff20999df2af8eb42d56 -> 
========================================================================
Received Import Request.
  Time since last request: 9.819128 seconds.
  path: Assets/_Projeto/Prefabs/VFX/Player/Grey Special Skill/FX_Grey-Special-Skill.prefab
  artifactKey: Guid(b5c6eb190192b2543a988e25ee748317) Importer(815301076,1909f56bfc062723c751e8b465ee728b)
Start importing Assets/_Projeto/Prefabs/VFX/Player/Grey Special Skill/FX_Grey-Special-Skill.prefab using Guid(b5c6eb190192b2543a988e25ee748317) Importer(815301076,1909f56bfc062723c751e8b465ee728b)  -> (artifact id: '6c120b5c13c777acfc0fe6d3f379645a') in 0.141516 seconds 
========================================================================
Received Import Request.
  Time since last request: 0.784478 seconds.
  path: Assets/_Projeto/Prefabs/VFX/Player/Grey Special Skill/FX_Grey-Special-Skill.prefab
  artifactKey: Guid(b5c6eb190192b2543a988e25ee748317) Importer(815301076,1909f56bfc062723c751e8b465ee728b)
Start importing Assets/_Projeto/Prefabs/VFX/Player/Grey Special Skill/FX_Grey-Special-Skill.prefab using Guid(b5c6eb190192b2543a988e25ee748317) Importer(815301076,1909f56bfc062723c751e8b465ee728b)  -> (artifact id: 'bf160f5b64536023318720f88a783328') in 0.011822 seconds 
========================================================================
Received Import Request.
  Time since last request: 2.400466 seconds.
  path: Assets/_Projeto/Prefabs/VFX/Player/Grey Special Skill/FX_Grey-Special-Skill.prefab
  artifactKey: Guid(b5c6eb190192b2543a988e25ee748317) Importer(815301076,1909f56bfc062723c751e8b465ee728b)
Start importing Assets/_Projeto/Prefabs/VFX/Player/Grey Special Skill/FX_Grey-Special-Skill.prefab using Guid(b5c6eb190192b2543a988e25ee748317) Importer(815301076,1909f56bfc062723c751e8b465ee728b)  -> (artifact id: 'c13c7c5ed3778b1ea05a5de04800b6b5') in 0.010500 seconds 
========================================================================
Received Import Request.
  Time since last request: 12.300672 seconds.
  path: Assets/_Projeto/Prefabs/VFX/Player/Grey Special Skill/FX_Grey-Special-Skill.prefab
  artifactKey: Guid(b5c6eb190192b2543a988e25ee748317) Importer(815301076,1909f56bfc062723c751e8b465ee728b)
Start importing Assets/_Projeto/Prefabs/VFX/Player/Grey Special Skill/FX_Grey-Special-Skill.prefab using Guid(b5c6eb190192b2543a988e25ee748317) Importer(815301076,1909f56bfc062723c751e8b465ee728b)  -> (artifact id: '2a7d0deaa6396fba1e7c88b389aa8d26') in 0.011260 seconds 
========================================================================
Received Import Request.
  Time since last request: 3.045954 seconds.
  path: Assets/_Projeto/Prefabs/VFX/Player/Grey Special Skill/FX_Grey-Special-Skill.prefab
  artifactKey: Guid(b5c6eb190192b2543a988e25ee748317) Importer(815301076,1909f56bfc062723c751e8b465ee728b)
Start importing Assets/_Projeto/Prefabs/VFX/Player/Grey Special Skill/FX_Grey-Special-Skill.prefab using Guid(b5c6eb190192b2543a988e25ee748317) Importer(815301076,1909f56bfc062723c751e8b465ee728b)  -> (artifact id: 'c1edb0f979ff7e3ecee3d844ff326075') in 0.010695 seconds 
========================================================================
Received Import Request.
  Time since last request: 2.219505 seconds.
  path: Assets/_Projeto/Prefabs/VFX/Player/Grey Special Skill/FX_Grey-Special-Skill.prefab
  artifactKey: Guid(b5c6eb190192b2543a988e25ee748317) Importer(815301076,1909f56bfc062723c751e8b465ee728b)
Start importing Assets/_Projeto/Prefabs/VFX/Player/Grey Special Skill/FX_Grey-Special-Skill.prefab using Guid(b5c6eb190192b2543a988e25ee748317) Importer(815301076,1909f56bfc062723c751e8b465ee728b)  -> (artifact id: '0a9e031981227e077a5f18f33a48ddd3') in 0.011928 seconds 
========================================================================
Received Import Request.
  Time since last request: 4.225993 seconds.
  path: Assets/_Projeto/Prefabs/VFX/Player/Grey Special Skill/FX_Grey-Special-Skill.prefab
  artifactKey: Guid(b5c6eb190192b2543a988e25ee748317) Importer(815301076,1909f56bfc062723c751e8b465ee728b)
Start importing Assets/_Projeto/Prefabs/VFX/Player/Grey Special Skill/FX_Grey-Special-Skill.prefab using Guid(b5c6eb190192b2543a988e25ee748317) Importer(815301076,1909f56bfc062723c751e8b465ee728b)  -> (artifact id: 'a7c2125d3f6fbaf2154b15fc4ca50c38') in 0.012753 seconds 
========================================================================
Received Import Request.
  Time since last request: 6.254010 seconds.
  path: Assets/_Projeto/Prefabs/VFX/Player/Grey Special Skill/FX_Grey-Special-Skill.prefab
  artifactKey: Guid(b5c6eb190192b2543a988e25ee748317) Importer(815301076,1909f56bfc062723c751e8b465ee728b)
Start importing Assets/_Projeto/Prefabs/VFX/Player/Grey Special Skill/FX_Grey-Special-Skill.prefab using Guid(b5c6eb190192b2543a988e25ee748317) Importer(815301076,1909f56bfc062723c751e8b465ee728b)  -> (artifact id: '42f1c4e54b7975ec26081ac714f30a32') in 0.011301 seconds 
========================================================================
Received Import Request.
  Time since last request: 1.204087 seconds.
  path: Assets/_Projeto/Prefabs/VFX/Player/Grey Special Skill/FX_Grey-Special-Skill.prefab
  artifactKey: Guid(b5c6eb190192b2543a988e25ee748317) Importer(815301076,1909f56bfc062723c751e8b465ee728b)
Start importing Assets/_Projeto/Prefabs/VFX/Player/Grey Special Skill/FX_Grey-Special-Skill.prefab using Guid(b5c6eb190192b2543a988e25ee748317) Importer(815301076,1909f56bfc062723c751e8b465ee728b)  -> (artifact id: 'dbdda1855f42bb2c6e033efbeb08389b') in 0.011868 seconds 
========================================================================
Received Import Request.
  Time since last request: 5.468386 seconds.
  path: Assets/_Projeto/Prefabs/VFX/Player/Grey Special Skill/FX_Grey-Special-Skill.prefab
  artifactKey: Guid(b5c6eb190192b2543a988e25ee748317) Importer(815301076,1909f56bfc062723c751e8b465ee728b)
Start importing Assets/_Projeto/Prefabs/VFX/Player/Grey Special Skill/FX_Grey-Special-Skill.prefab using Guid(b5c6eb190192b2543a988e25ee748317) Importer(815301076,1909f56bfc062723c751e8b465ee728b)  -> (artifact id: 'bd6be931016bb0a7bcd5d577805ced8b') in 0.014052 seconds 
========================================================================
Received Import Request.
  Time since last request: 15.938265 seconds.
  path: Assets/_Projeto/Prefabs/VFX/Player/Grey Special Skill/FX_Grey-Special-Skill.prefab
  artifactKey: Guid(b5c6eb190192b2543a988e25ee748317) Importer(815301076,1909f56bfc062723c751e8b465ee728b)
Start importing Assets/_Projeto/Prefabs/VFX/Player/Grey Special Skill/FX_Grey-Special-Skill.prefab using Guid(b5c6eb190192b2543a988e25ee748317) Importer(815301076,1909f56bfc062723c751e8b465ee728b)  -> (artifact id: '2ba97c38daedbc050b803d8ce7475743') in 0.012286 seconds 
========================================================================
Received Import Request.
  Time since last request: 1.394670 seconds.
  path: Assets/_Projeto/Prefabs/VFX/Player/Grey Special Skill/FX_Grey-Special-Skill.prefab
  artifactKey: Guid(b5c6eb190192b2543a988e25ee748317) Importer(815301076,1909f56bfc062723c751e8b465ee728b)
Start importing Assets/_Projeto/Prefabs/VFX/Player/Grey Special Skill/FX_Grey-Special-Skill.prefab using Guid(b5c6eb190192b2543a988e25ee748317) Importer(815301076,1909f56bfc062723c751e8b465ee728b)  -> (artifact id: '9159f362d5238da43dfbcfce9ed1d1f0') in 0.012275 seconds 
========================================================================
Received Import Request.
  Time since last request: 1.398664 seconds.
  path: Assets/_Projeto/Prefabs/VFX/Player/Grey Special Skill/FX_Grey-Special-Skill.prefab
  artifactKey: Guid(b5c6eb190192b2543a988e25ee748317) Importer(815301076,1909f56bfc062723c751e8b465ee728b)
Start importing Assets/_Projeto/Prefabs/VFX/Player/Grey Special Skill/FX_Grey-Special-Skill.prefab using Guid(b5c6eb190192b2543a988e25ee748317) Importer(815301076,1909f56bfc062723c751e8b465ee728b)  -> (artifact id: 'c1da82b9d9b54236a04184c0ff81b3c3') in 0.014948 seconds 
========================================================================
Received Import Request.
  Time since last request: 7.878391 seconds.
  path: Assets/_Projeto/Prefabs/VFX/Player/Grey Special Skill/FX_Grey-Special-Skill.prefab
  artifactKey: Guid(b5c6eb190192b2543a988e25ee748317) Importer(815301076,1909f56bfc062723c751e8b465ee728b)
Start importing Assets/_Projeto/Prefabs/VFX/Player/Grey Special Skill/FX_Grey-Special-Skill.prefab using Guid(b5c6eb190192b2543a988e25ee748317) Importer(815301076,1909f56bfc062723c751e8b465ee728b)  -> (artifact id: 'c883e4ce05af9a11f1e9326662ab9a4c') in 0.014369 seconds 
========================================================================
Received Import Request.
  Time since last request: 4.403248 seconds.
  path: Assets/_Projeto/Prefabs/VFX/Player/Grey Special Skill/FX_Grey-Special-Skill.prefab
  artifactKey: Guid(b5c6eb190192b2543a988e25ee748317) Importer(815301076,1909f56bfc062723c751e8b465ee728b)
Start importing Assets/_Projeto/Prefabs/VFX/Player/Grey Special Skill/FX_Grey-Special-Skill.prefab using Guid(b5c6eb190192b2543a988e25ee748317) Importer(815301076,1909f56bfc062723c751e8b465ee728b)  -> (artifact id: '0c8838058b6e36f7d0e8517d9495927a') in 0.018258 seconds 
========================================================================
Received Prepare
Registering precompiled user dll's ...
Registered in 0.003164 seconds.
Begin MonoManager ReloadAssembly
Native extension for WindowsStandalone target not found
Refreshing native plugins compatible for Editor in 0.80 ms, found 2 plugins.
Preloading 0 native plugins for Editor in 0.00 ms.
Mono: successfully reloaded assembly
- Completed reload, in  1.017 seconds
Domain Reload Profiling:
	ReloadAssembly (1018ms)
		BeginReloadAssembly (116ms)
			ExecutionOrderSort (0ms)
			DisableScriptedObjects (6ms)
			BackupInstance (0ms)
			ReleaseScriptingObjects (0ms)
			CreateAndSetChildDomain (39ms)
		EndReloadAssembly (844ms)
			LoadAssemblies (90ms)
			RebuildTransferFunctionScriptingTraits (0ms)
			SetupTypeCache (291ms)
			ReleaseScriptCaches (1ms)
			RebuildScriptCaches (45ms)
			SetupLoadedEditorAssemblies (299ms)
				LogAssemblyErrors (0ms)
				InitializePlatformSupportModulesInManaged (4ms)
				SetLoadedEditorAssemblies (1ms)
				RefreshPlugins (1ms)
				BeforeProcessingInitializeOnLoad (84ms)
				ProcessInitializeOnLoadAttributes (195ms)
				ProcessInitializeOnLoadMethodAttributes (8ms)
				AfterProcessingInitializeOnLoad (7ms)
				EditorAssembliesLoaded (0ms)
			ExecutionOrderSort2 (0ms)
			AwakeInstancesAfterBackupRestoration (14ms)
Platform modules already initialized, skipping
Refreshing native plugins compatible for Editor in 0.87 ms, found 2 plugins.
Preloading 0 native plugins for Editor in 0.00 ms.
Unloading 3030 Unused Serialized files (Serialized files now loaded: 0)
System memory in use before: 145.6 MB.
System memory in use after: 145.9 MB.

Unloading 15 unused Assets to reduce memory usage. Loaded Objects now: 3757.
Total: 3.832300 ms (FindLiveObjects: 0.366100 ms CreateObjectMapping: 0.087800 ms MarkObjects: 3.353100 ms  DeleteObjects: 0.024200 ms)

AssetImportParameters requested are different than current active one (requested -> active):
  custom:framework-win-MediaFoundation: 216162199b28c13a410421893ffa2e32 -> 
  custom:video-decoder-ogg-theora: a1e56fd34408186e4bbccfd4996cb3dc -> 
  custom:container-muxer-webm: aa71ff27fc2769a1b78a27578f13a17b -> 
  custom:container-demuxer-webm: 4f35f7cbe854078d1ac9338744f61a02 -> 
  custom:container-demuxer-ogg: 62fdf1f143b41e24485cea50d1cbac27 -> 
  custom:video-encoder-webm-vp8: eb34c28f22e8b96e1ab97ce403110664 -> 
  custom:video-decoder-webm-vp8: 9c59270c3fd7afecdb556c50c9e8de78 -> 
  custom:audio-decoder-ogg-vorbis: bf7c407c2cedff20999df2af8eb42d56 -> 
  custom:audio-encoder-webm-vorbis: bf7c407c2cedff20999df2af8eb42d56 -> 
========================================================================
Received Import Request.
  Time since last request: 22.086459 seconds.
  path: Assets/_Projeto/Prefabs/VFX/Player/Grey Special Skill/FX_Grey-Special-Skill.prefab
  artifactKey: Guid(b5c6eb190192b2543a988e25ee748317) Importer(815301076,1909f56bfc062723c751e8b465ee728b)
Start importing Assets/_Projeto/Prefabs/VFX/Player/Grey Special Skill/FX_Grey-Special-Skill.prefab using Guid(b5c6eb190192b2543a988e25ee748317) Importer(815301076,1909f56bfc062723c751e8b465ee728b)  -> (artifact id: '7f18e7a7d66c47b76b9d1e7bd0b1f293') in 0.158680 seconds 
========================================================================
Received Prepare
Registering precompiled user dll's ...
Registered in 0.002970 seconds.
Begin MonoManager ReloadAssembly
Native extension for WindowsStandalone target not found
Refreshing native plugins compatible for Editor in 0.80 ms, found 2 plugins.
Preloading 0 native plugins for Editor in 0.00 ms.
Mono: successfully reloaded assembly
- Completed reload, in  1.003 seconds
Domain Reload Profiling:
	ReloadAssembly (1004ms)
		BeginReloadAssembly (117ms)
			ExecutionOrderSort (0ms)
			DisableScriptedObjects (6ms)
			BackupInstance (0ms)
			ReleaseScriptingObjects (0ms)
			CreateAndSetChildDomain (40ms)
		EndReloadAssembly (829ms)
			LoadAssemblies (91ms)
			RebuildTransferFunctionScriptingTraits (0ms)
			SetupTypeCache (269ms)
			ReleaseScriptCaches (1ms)
			RebuildScriptCaches (39ms)
			SetupLoadedEditorAssemblies (311ms)
				LogAssemblyErrors (0ms)
				InitializePlatformSupportModulesInManaged (4ms)
				SetLoadedEditorAssemblies (0ms)
				RefreshPlugins (1ms)
				BeforeProcessingInitializeOnLoad (87ms)
				ProcessInitializeOnLoadAttributes (205ms)
				ProcessInitializeOnLoadMethodAttributes (8ms)
				AfterProcessingInitializeOnLoad (7ms)
				EditorAssembliesLoaded (0ms)
			ExecutionOrderSort2 (0ms)
			AwakeInstancesAfterBackupRestoration (16ms)
Platform modules already initialized, skipping
Refreshing native plugins compatible for Editor in 0.71 ms, found 2 plugins.
Preloading 0 native plugins for Editor in 0.00 ms.
Unloading 3030 Unused Serialized files (Serialized files now loaded: 0)
System memory in use before: 145.8 MB.
System memory in use after: 146.0 MB.

Unloading 15 unused Assets to reduce memory usage. Loaded Objects now: 3796.
Total: 3.775900 ms (FindLiveObjects: 0.344300 ms CreateObjectMapping: 0.086200 ms MarkObjects: 3.320900 ms  DeleteObjects: 0.023600 ms)

AssetImportParameters requested are different than current active one (requested -> active):
  custom:framework-win-MediaFoundation: 216162199b28c13a410421893ffa2e32 -> 
  custom:video-decoder-ogg-theora: a1e56fd34408186e4bbccfd4996cb3dc -> 
  custom:container-muxer-webm: aa71ff27fc2769a1b78a27578f13a17b -> 
  custom:container-demuxer-webm: 4f35f7cbe854078d1ac9338744f61a02 -> 
  custom:container-demuxer-ogg: 62fdf1f143b41e24485cea50d1cbac27 -> 
  custom:video-encoder-webm-vp8: eb34c28f22e8b96e1ab97ce403110664 -> 
  custom:video-decoder-webm-vp8: 9c59270c3fd7afecdb556c50c9e8de78 -> 
  custom:audio-decoder-ogg-vorbis: bf7c407c2cedff20999df2af8eb42d56 -> 
  custom:audio-encoder-webm-vorbis: bf7c407c2cedff20999df2af8eb42d56 -> 
AssetImportWorkerClient::OnTransportError - code=2 error=End of file
