[LOG] System::create                           : Header version = 2.01.11. Current version = 2.01.11.
[LOG] Manager::init                            : maxchannels = 256 studioflags = 00000006 flags 00000000 extradriverdata 0000000000000000.
[LOG] SystemI::init                            : Initialize version=20111 (118066), maxchannels=256, flags=0x00020000
[LOG] SystemI::setOutputInternal               : Setting output to 'FMOD WASAPI Output'
[LOG] OutputWASAPI::init                       : Mix Format (WAVEFORMATEX): wFormatTag=0xFFFE, nChannels=2, nSamplesPerSec=48000, nAvgBytesPerSec=384000, nBlockAlign=8, wBitsPerSample=32, cbSize=22.
[LOG] OutputWASAPI::init                       : Mix Format (WAVEFORMATEXTENSIBLE): wValidBitsPerSample=32, dwChannelMask=0x00000003, SubFormat=00000003-0000-0010-8000-00AA00389B71.
[LOG] OutputWASAPI::init                       : Output buffer size: 4096 samples, latency: 0.00ms, period: 10.00ms, DSP buffer: 1024 * 4
[LOG] Thread::initThread                       : Init FMOD stream thread. Affinity: 0x8000000000000003, Priority: 0xFFFF7FFB, Stack Size: 98304, Semaphore: No, Sleep Time: 10, Looping: Yes.
[LOG] Thread::initThread                       : Init FMOD mixer thread. Affinity: 0x8000000000000001, Priority: 0xFFFF7FFA, Stack Size: 81920, Semaphore: No, Sleep Time: 0, Looping: Yes.
[LOG] AsyncManager::init                       : manager 000002DCC4521638 isAsync 0 updatePeriod 0.02
[LOG] AsyncManager::init                       : done
[LOG] PlaybackSystem::init                     : 
[LOG] Thread::initThread                       : Init FMOD Studio sample load thread. Affinity: 0x8000000000000003, Priority: 0xFFFF7FFD, Stack Size: 98304, Semaphore: No, Sleep Time: 1, Looping: No.
[LOG] PlaybackSystem::init                     : done
[LOG] Thread::initThread                       : Init FMOD Studio bank load thread. Affinity: 0x8000000000000003, Priority: 0xFFFF7FFD, Stack Size: 98304, Semaphore: No, Sleep Time: 1, Looping: No.
[LOG] Manager::init                            : done.
[LOG] Manager::readBank                        : fileversion = 135, compatVersion = 132 (oldest = 44, newest = 135)
[LOG] Manager::readBank                        : fileversion = 135, compatVersion = 132 (oldest = 44, newest = 135)
[LOG] Manager::readBank                        : fileversion = 135, compatVersion = 132 (oldest = 44, newest = 135)
[LOG] PlaybackSystem::acquireMasterBus         : Setting master channel group format to 6
[LOG] SystemI::createSound                     : filename = AmbientaçãoFMOD/Ambientação/Build/Desktop/Master.bank : mode 02010082
[LOG] SystemI::createSound                     : FMOD_NONBLOCKING specified.  Putting into queue to be opened asynchronously!
[LOG] SystemI::createSound                     : setdata soundi = 000002DCFFD94AF8 : node = 000002DBBBF61670
[LOG] SystemI::createSound                     : add node to async list : head = 000002DBE55C6438.  list count = 0
[LOG] AsyncThread::threadFunc                  : Starting Asynchronous operation on sound 000002DCFFD94AF8
[LOG] SystemI::createSoundInternal             :     Create name='AmbientaçãoFMOD/Ambientação/Build/Desktop/Master.bank', mode=0x02010082
[LOG] SystemI::createSoundInternal             :     exinfo->cbsize             = 224
[LOG] SystemI::createSoundInternal             :     exinfo->length             = 3690528
[LOG] SystemI::createSoundInternal             :     exinfo->fileoffset         = 31072
[LOG] SystemI::createSoundInternal             :     exinfo->numsubsounds       = 1
[LOG] SystemI::createSoundInternal             :     exinfo->inclusionlist      = 000002DBBBF61780
[LOG] SystemI::createSoundInternal             :     exinfo->inclusionlistnum   = 1
[LOG] SystemI::createSoundInternal             :     exinfo->suggestedsoundtype = 5
[LOG] SystemI::createSoundInternal             :     exinfo->initialseekpostype = 1
[LOG] SystemI::createSoundInternal             :     Stream 0/1: name='mar ondas 2', format=5, channels=2, frequency=48000, lengthbytes=1398048, lengthpcm=5910967, pcmblocksize=0, loopstart=0, loopend=0, mode=0x00000000, channelmask=0x00000000, channelorder=0, peakvolume=0.047953.
[LOG] AsyncThread::threadFunc                  : Finished Asynchronous operation on sound 000002DCFFD94AF8
[LOG] SystemI::createSound                     : filename = AmbientaçãoFMOD/Ambientação/Build/Desktop/Master.bank : mode 02010082
[LOG] SystemI::createSound                     : FMOD_NONBLOCKING specified.  Putting into queue to be opened asynchronously!
[LOG] SystemI::createSound                     : setdata soundi = 000002DCFFD95008 : node = 000002DCF15896E0
[LOG] SystemI::createSound                     : add node to async list : head = 000002DBE55C6438.  list count = 0
[LOG] AsyncThread::threadFunc                  : Starting Asynchronous operation on sound 000002DCFFD95008
[LOG] SystemI::createSoundInternal             :     Create name='AmbientaçãoFMOD/Ambientação/Build/Desktop/Master.bank', mode=0x02010082
[LOG] SystemI::createSoundInternal             :     exinfo->cbsize             = 224
[LOG] SystemI::createSoundInternal             :     exinfo->length             = 3690528
[LOG] SystemI::createSoundInternal             :     exinfo->fileoffset         = 31072
[LOG] SystemI::createSoundInternal             :     exinfo->numsubsounds       = 1
[LOG] SystemI::createSoundInternal             :     exinfo->inclusionlist      = 000002DCF15897F0
[LOG] SystemI::createSoundInternal             :     exinfo->inclusionlistnum   = 1
[LOG] SystemI::createSoundInternal             :     exinfo->suggestedsoundtype = 5
[LOG] SystemI::createSoundInternal             :     exinfo->initialseekpostype = 1
[LOG] SystemI::createSoundInternal             :     Stream 0/1: name='mar ondas', format=5, channels=2, frequency=48000, lengthbytes=870624, lengthpcm=3396674, pcmblocksize=0, loopstart=0, loopend=0, mode=0x00000000, channelmask=0x00000000, channelorder=0, peakvolume=0.056408.
[LOG] AsyncThread::threadFunc                  : Finished Asynchronous operation on sound 000002DCFFD95008
[LOG] SystemI::createSound                     : filename = AmbientaçãoFMOD/Ambientação/Build/Desktop/Master.bank : mode 02010082
[LOG] SystemI::createSound                     : FMOD_NONBLOCKING specified.  Putting into queue to be opened asynchronously!
[LOG] SystemI::createSound                     : setdata soundi = 000002DCFFD94948 : node = 000002DB519D7320
[LOG] SystemI::createSound                     : add node to async list : head = 000002DBE55C6438.  list count = 0
[LOG] AsyncThread::threadFunc                  : Starting Asynchronous operation on sound 000002DCFFD94948
[LOG] SystemI::createSoundInternal             :     Create name='AmbientaçãoFMOD/Ambientação/Build/Desktop/Master.bank', mode=0x02010082
[LOG] SystemI::createSoundInternal             :     exinfo->cbsize             = 224
[LOG] SystemI::createSoundInternal             :     exinfo->length             = 3690528
[LOG] SystemI::createSoundInternal             :     exinfo->fileoffset         = 31072
[LOG] SystemI::createSoundInternal             :     exinfo->numsubsounds       = 1
[LOG] SystemI::createSoundInternal             :     exinfo->inclusionlist      = 000002DB519D7430
[LOG] SystemI::createSoundInternal             :     exinfo->inclusionlistnum   = 1
[LOG] SystemI::createSoundInternal             :     exinfo->suggestedsoundtype = 5
[LOG] SystemI::createSoundInternal             :     exinfo->initialseekpostype = 1
[LOG] SystemI::createSoundInternal             :     Stream 0/1: name='mar ondas', format=5, channels=2, frequency=48000, lengthbytes=870624, lengthpcm=3396674, pcmblocksize=0, loopstart=0, loopend=0, mode=0x00000000, channelmask=0x00000000, channelorder=0, peakvolume=0.056408.
[LOG] AsyncThread::threadFunc                  : Finished Asynchronous operation on sound 000002DCFFD94948
[LOG] SystemI::createSound                     : filename = AmbientaçãoFMOD/Ambientação/Build/Desktop/Master.bank : mode 02010082
[LOG] SystemI::createSound                     : FMOD_NONBLOCKING specified.  Putting into queue to be opened asynchronously!
[LOG] SystemI::createSound                     : setdata soundi = 000002DCFFD95878 : node = 000002DB519D7460
[LOG] SystemI::createSound                     : add node to async list : head = 000002DBE55C6438.  list count = 0
[LOG] AsyncThread::threadFunc                  : Starting Asynchronous operation on sound 000002DCFFD95878
[LOG] SystemI::createSoundInternal             :     Create name='AmbientaçãoFMOD/Ambientação/Build/Desktop/Master.bank', mode=0x02010082
[LOG] SystemI::createSoundInternal             :     exinfo->cbsize             = 224
[LOG] SystemI::createSoundInternal             :     exinfo->length             = 3690528
[LOG] SystemI::createSoundInternal             :     exinfo->fileoffset         = 31072
[LOG] SystemI::createSoundInternal             :     exinfo->numsubsounds       = 1
[LOG] SystemI::createSoundInternal             :     exinfo->inclusionlist      = 000002DB519D7570
[LOG] SystemI::createSoundInternal             :     exinfo->inclusionlistnum   = 1
[LOG] SystemI::createSoundInternal             :     exinfo->suggestedsoundtype = 5
[LOG] SystemI::createSoundInternal             :     exinfo->initialseekpostype = 1
[LOG] SystemI::createSoundInternal             :     Stream 0/1: name='mar ondas 2', format=5, channels=2, frequency=48000, lengthbytes=1398048, lengthpcm=5910967, pcmblocksize=0, loopstart=0, loopend=0, mode=0x00000000, channelmask=0x00000000, channelorder=0, peakvolume=0.047953.
[LOG] AsyncThread::threadFunc                  : Finished Asynchronous operation on sound 000002DCFFD95878
[LOG] SystemI::createSound                     : filename = AmbientaçãoFMOD/Ambientação/Build/Desktop/Master.bank : mode 02010082
[LOG] SystemI::createSound                     : FMOD_NONBLOCKING specified.  Putting into queue to be opened asynchronously!
[LOG] SystemI::createSound                     : setdata soundi = 000002DCFFD951B8 : node = 000002DB519D70A0
[LOG] SystemI::createSound                     : add node to async list : head = 000002DBE55C6438.  list count = 0
[LOG] AsyncThread::threadFunc                  : Starting Asynchronous operation on sound 000002DCFFD951B8
[LOG] SystemI::createSoundInternal             :     Create name='AmbientaçãoFMOD/Ambientação/Build/Desktop/Master.bank', mode=0x02010082
[LOG] SystemI::createSoundInternal             :     exinfo->cbsize             = 224
[LOG] SystemI::createSoundInternal             :     exinfo->length             = 3690528
[LOG] SystemI::createSoundInternal             :     exinfo->fileoffset         = 31072
[LOG] SystemI::createSoundInternal             :     exinfo->numsubsounds       = 1
[LOG] SystemI::createSoundInternal             :     exinfo->inclusionlist      = 000002DB519D71B0
[LOG] SystemI::createSoundInternal             :     exinfo->inclusionlistnum   = 1
[LOG] SystemI::createSoundInternal             :     exinfo->suggestedsoundtype = 5
[LOG] SystemI::createSoundInternal             :     exinfo->initialseekpostype = 1
[LOG] SystemI::createSoundInternal             :     Stream 0/1: name='mar ondas', format=5, channels=2, frequency=48000, lengthbytes=870624, lengthpcm=3396674, pcmblocksize=0, loopstart=0, loopend=0, mode=0x00000000, channelmask=0x00000000, channelorder=0, peakvolume=0.056408.
[LOG] AsyncThread::threadFunc                  : Finished Asynchronous operation on sound 000002DCFFD951B8
[LOG] SystemI::createSound                     : filename = AmbientaçãoFMOD/Ambientação/Build/Desktop/Master.bank : mode 02010082
[LOG] SystemI::createSound                     : FMOD_NONBLOCKING specified.  Putting into queue to be opened asynchronously!
[LOG] SystemI::createSound                     : setdata soundi = 000002DCFFD94288 : node = 000002DCC48B01F0
[LOG] SystemI::createSound                     : add node to async list : head = 000002DBE55C6438.  list count = 0
[LOG] AsyncThread::threadFunc                  : Starting Asynchronous operation on sound 000002DCFFD94288
[LOG] SystemI::createSoundInternal             :     Create name='AmbientaçãoFMOD/Ambientação/Build/Desktop/Master.bank', mode=0x02010082
[LOG] SystemI::createSoundInternal             :     exinfo->cbsize             = 224
[LOG] SystemI::createSoundInternal             :     exinfo->length             = 3690528
[LOG] SystemI::createSoundInternal             :     exinfo->fileoffset         = 31072
[LOG] SystemI::createSoundInternal             :     exinfo->numsubsounds       = 1
[LOG] SystemI::createSoundInternal             :     exinfo->inclusionlist      = 000002DCC48B0300
[LOG] SystemI::createSoundInternal             :     exinfo->inclusionlistnum   = 1
[LOG] SystemI::createSoundInternal             :     exinfo->suggestedsoundtype = 5
[LOG] SystemI::createSoundInternal             :     exinfo->initialseekpostype = 1
[LOG] SystemI::createSoundInternal             :     Stream 0/1: name='mar ondas 2', format=5, channels=2, frequency=48000, lengthbytes=1398048, lengthpcm=5910967, pcmblocksize=0, loopstart=0, loopend=0, mode=0x00000000, channelmask=0x00000000, channelorder=0, peakvolume=0.047953.
[LOG] AsyncThread::threadFunc                  : Finished Asynchronous operation on sound 000002DCFFD94288
[LOG] SystemI::createSound                     : filename = AmbientaçãoFMOD/Ambientação/Build/Desktop/Master.bank : mode 02010082
[LOG] SystemI::createSound                     : FMOD_NONBLOCKING specified.  Putting into queue to be opened asynchronously!
[LOG] SystemI::createSound                     : setdata soundi = 000002DB9A502238 : node = 000002DD02F823E0
[LOG] SystemI::createSound                     : add node to async list : head = 000002DBE55C6438.  list count = 0
[LOG] AsyncThread::threadFunc                  : Starting Asynchronous operation on sound 000002DB9A502238
[LOG] SystemI::createSoundInternal             :     Create name='AmbientaçãoFMOD/Ambientação/Build/Desktop/Master.bank', mode=0x02010082
[LOG] SystemI::createSoundInternal             :     exinfo->cbsize             = 224
[LOG] SystemI::createSoundInternal             :     exinfo->length             = 3690528
[LOG] SystemI::createSoundInternal             :     exinfo->fileoffset         = 31072
[LOG] SystemI::createSoundInternal             :     exinfo->numsubsounds       = 1
[LOG] SystemI::createSoundInternal             :     exinfo->inclusionlist      = 000002DD02F824F0
[LOG] SystemI::createSoundInternal             :     exinfo->inclusionlistnum   = 1
[LOG] SystemI::createSoundInternal             :     exinfo->suggestedsoundtype = 5
[LOG] SystemI::createSoundInternal             :     exinfo->initialseekpostype = 1
[LOG] SystemI::createSoundInternal             :     Stream 0/1: name='mar ondas 2', format=5, channels=2, frequency=48000, lengthbytes=1398048, lengthpcm=5910967, pcmblocksize=0, loopstart=0, loopend=0, mode=0x00000000, channelmask=0x00000000, channelorder=0, peakvolume=0.047953.
[LOG] AsyncThread::threadFunc                  : Finished Asynchronous operation on sound 000002DB9A502238
[LOG] SystemI::createSound                     : filename = AmbientaçãoFMOD/Ambientação/Build/Desktop/Master.bank : mode 02010082
[LOG] SystemI::createSound                     : FMOD_NONBLOCKING specified.  Putting into queue to be opened asynchronously!
[LOG] SystemI::createSound                     : setdata soundi = 000002DB9A5023E8 : node = 000002DD02F82160
[LOG] SystemI::createSound                     : add node to async list : head = 000002DBE55C6438.  list count = 0
[LOG] AsyncThread::threadFunc                  : Starting Asynchronous operation on sound 000002DB9A5023E8
[LOG] SystemI::createSoundInternal             :     Create name='AmbientaçãoFMOD/Ambientação/Build/Desktop/Master.bank', mode=0x02010082
[LOG] SystemI::createSoundInternal             :     exinfo->cbsize             = 224
[LOG] SystemI::createSoundInternal             :     exinfo->length             = 3690528
[LOG] SystemI::createSoundInternal             :     exinfo->fileoffset         = 31072
[LOG] SystemI::createSoundInternal             :     exinfo->numsubsounds       = 1
[LOG] SystemI::createSoundInternal             :     exinfo->inclusionlist      = 000002DD02F82270
[LOG] SystemI::createSoundInternal             :     exinfo->inclusionlistnum   = 1
[LOG] SystemI::createSoundInternal             :     exinfo->suggestedsoundtype = 5
[LOG] SystemI::createSoundInternal             :     exinfo->initialseekpostype = 1
[LOG] SystemI::createSoundInternal             :     Stream 0/1: name='mar ondas', format=5, channels=2, frequency=48000, lengthbytes=870624, lengthpcm=3396674, pcmblocksize=0, loopstart=0, loopend=0, mode=0x00000000, channelmask=0x00000000, channelorder=0, peakvolume=0.056408.
[LOG] AsyncThread::threadFunc                  : Finished Asynchronous operation on sound 000002DB9A5023E8
[LOG] SystemI::createSound                     : filename = AmbientaçãoFMOD/Ambientação/Build/Desktop/Master.bank : mode 02010082
[LOG] SystemI::createSound                     : FMOD_NONBLOCKING specified.  Putting into queue to be opened asynchronously!
[LOG] SystemI::createSound                     : setdata soundi = 000002DB9A502E08 : node = 000002DD02F81B20
[LOG] SystemI::createSound                     : add node to async list : head = 000002DBE55C6438.  list count = 0
[LOG] AsyncThread::threadFunc                  : Starting Asynchronous operation on sound 000002DB9A502E08
[LOG] SystemI::createSoundInternal             :     Create name='AmbientaçãoFMOD/Ambientação/Build/Desktop/Master.bank', mode=0x02010082
[LOG] SystemI::createSoundInternal             :     exinfo->cbsize             = 224
[LOG] SystemI::createSoundInternal             :     exinfo->length             = 3690528
[LOG] SystemI::createSoundInternal             :     exinfo->fileoffset         = 31072
[LOG] SystemI::createSoundInternal             :     exinfo->numsubsounds       = 1
[LOG] SystemI::createSoundInternal             :     exinfo->inclusionlist      = 000002DD02F81C30
[LOG] SystemI::createSoundInternal             :     exinfo->inclusionlistnum   = 1
[LOG] SystemI::createSoundInternal             :     exinfo->suggestedsoundtype = 5
[LOG] SystemI::createSoundInternal             :     exinfo->initialseekpostype = 1
[LOG] SystemI::createSoundInternal             :     Stream 0/1: name='mar ondas 2', format=5, channels=2, frequency=48000, lengthbytes=1398048, lengthpcm=5910967, pcmblocksize=0, loopstart=0, loopend=0, mode=0x00000000, channelmask=0x00000000, channelorder=0, peakvolume=0.047953.
[LOG] AsyncThread::threadFunc                  : Finished Asynchronous operation on sound 000002DB9A502E08
[LOG] SystemI::createSound                     : filename = AmbientaçãoFMOD/Ambientação/Build/Desktop/Master.bank : mode 02010082
[LOG] SystemI::createSound                     : FMOD_NONBLOCKING specified.  Putting into queue to be opened asynchronously!
[LOG] SystemI::createSound                     : setdata soundi = 000002DCF15DF9D8 : node = 000002DD02F81DA0
[LOG] SystemI::createSound                     : add node to async list : head = 000002DBE55C6438.  list count = 0
[LOG] AsyncThread::threadFunc                  : Starting Asynchronous operation on sound 000002DCF15DF9D8
[LOG] SystemI::createSoundInternal             :     Create name='AmbientaçãoFMOD/Ambientação/Build/Desktop/Master.bank', mode=0x02010082
[LOG] SystemI::createSoundInternal             :     exinfo->cbsize             = 224
[LOG] SystemI::createSoundInternal             :     exinfo->length             = 3690528
[LOG] SystemI::createSoundInternal             :     exinfo->fileoffset         = 31072
[LOG] SystemI::createSoundInternal             :     exinfo->numsubsounds       = 1
[LOG] SystemI::createSoundInternal             :     exinfo->inclusionlist      = 000002DD02F81EB0
[LOG] SystemI::createSoundInternal             :     exinfo->inclusionlistnum   = 1
[LOG] SystemI::createSoundInternal             :     exinfo->suggestedsoundtype = 5
[LOG] SystemI::createSoundInternal             :     exinfo->initialseekpostype = 1
[LOG] SystemI::createSoundInternal             :     Stream 0/1: name='mar ondas 2', format=5, channels=2, frequency=48000, lengthbytes=1398048, lengthpcm=5910967, pcmblocksize=0, loopstart=0, loopend=0, mode=0x00000000, channelmask=0x00000000, channelorder=0, peakvolume=0.047953.
[LOG] AsyncThread::threadFunc                  : Finished Asynchronous operation on sound 000002DCF15DF9D8
[LOG] SystemI::createSound                     : filename = AmbientaçãoFMOD/Ambientação/Build/Desktop/Master.bank : mode 02010082
[LOG] SystemI::createSound                     : FMOD_NONBLOCKING specified.  Putting into queue to be opened asynchronously!
[LOG] SystemI::createSound                     : setdata soundi = 000002DCF15DFB88 : node = 000002DD02F818A0
[LOG] SystemI::createSound                     : add node to async list : head = 000002DBE55C6438.  list count = 0
[LOG] AsyncThread::threadFunc                  : Starting Asynchronous operation on sound 000002DCF15DFB88
[LOG] SystemI::createSoundInternal             :     Create name='AmbientaçãoFMOD/Ambientação/Build/Desktop/Master.bank', mode=0x02010082
[LOG] SystemI::createSoundInternal             :     exinfo->cbsize             = 224
[LOG] SystemI::createSoundInternal             :     exinfo->length             = 3690528
[LOG] SystemI::createSoundInternal             :     exinfo->fileoffset         = 31072
[LOG] SystemI::createSoundInternal             :     exinfo->numsubsounds       = 1
[LOG] SystemI::createSoundInternal             :     exinfo->inclusionlist      = 000002DD02F819B0
[LOG] SystemI::createSoundInternal             :     exinfo->inclusionlistnum   = 1
[LOG] SystemI::createSoundInternal             :     exinfo->suggestedsoundtype = 5
[LOG] SystemI::createSoundInternal             :     exinfo->initialseekpostype = 1
[LOG] SystemI::createSoundInternal             :     Stream 0/1: name='mar ondas', format=5, channels=2, frequency=48000, lengthbytes=870624, lengthpcm=3396674, pcmblocksize=0, loopstart=0, loopend=0, mode=0x00000000, channelmask=0x00000000, channelorder=0, peakvolume=0.056408.
[LOG] AsyncThread::threadFunc                  : Finished Asynchronous operation on sound 000002DCF15DFB88
[LOG] SystemI::createSound                     : filename = AmbientaçãoFMOD/Ambientação/Build/Desktop/Master.bank : mode 02010082
[LOG] SystemI::createSound                     : FMOD_NONBLOCKING specified.  Putting into queue to be opened asynchronously!
[LOG] SystemI::createSound                     : setdata soundi = 000002DCF15DF4C8 : node = 000002DD02F82020
[LOG] SystemI::createSound                     : add node to async list : head = 000002DBE55C6438.  list count = 0
[LOG] AsyncThread::threadFunc                  : Starting Asynchronous operation on sound 000002DCF15DF4C8
[LOG] SystemI::createSoundInternal             :     Create name='AmbientaçãoFMOD/Ambientação/Build/Desktop/Master.bank', mode=0x02010082
[LOG] SystemI::createSoundInternal             :     exinfo->cbsize             = 224
[LOG] SystemI::createSoundInternal             :     exinfo->length             = 3690528
[LOG] SystemI::createSoundInternal             :     exinfo->fileoffset         = 31072
[LOG] SystemI::createSoundInternal             :     exinfo->numsubsounds       = 1
[LOG] SystemI::createSoundInternal             :     exinfo->inclusionlist      = 000002DD02F82130
[LOG] SystemI::createSoundInternal             :     exinfo->inclusionlistnum   = 1
[LOG] SystemI::createSoundInternal             :     exinfo->suggestedsoundtype = 5
[LOG] SystemI::createSoundInternal             :     exinfo->initialseekpostype = 1
[LOG] SystemI::createSoundInternal             :     Stream 0/1: name='mar ondas 2', format=5, channels=2, frequency=48000, lengthbytes=1398048, lengthpcm=5910967, pcmblocksize=0, loopstart=0, loopend=0, mode=0x00000000, channelmask=0x00000000, channelorder=0, peakvolume=0.047953.
[LOG] AsyncThread::threadFunc                  : Finished Asynchronous operation on sound 000002DCF15DF4C8
[LOG] SystemI::createSound                     : filename = AmbientaçãoFMOD/Ambientação/Build/Desktop/Master.bank : mode 02010082
[LOG] SystemI::createSound                     : FMOD_NONBLOCKING specified.  Putting into queue to be opened asynchronously!
[LOG] SystemI::createSound                     : setdata soundi = 000002DCF15DF828 : node = 000002DD02F82520
[LOG] SystemI::createSound                     : add node to async list : head = 000002DBE55C6438.  list count = 0
[LOG] AsyncThread::threadFunc                  : Starting Asynchronous operation on sound 000002DCF15DF828
[LOG] SystemI::createSoundInternal             :     Create name='AmbientaçãoFMOD/Ambientação/Build/Desktop/Master.bank', mode=0x02010082
[LOG] SystemI::createSoundInternal             :     exinfo->cbsize             = 224
[LOG] SystemI::createSoundInternal             :     exinfo->length             = 3690528
[LOG] SystemI::createSoundInternal             :     exinfo->fileoffset         = 31072
[LOG] SystemI::createSoundInternal             :     exinfo->numsubsounds       = 1
[LOG] SystemI::createSoundInternal             :     exinfo->inclusionlist      = 000002DD02F82630
[LOG] SystemI::createSoundInternal             :     exinfo->inclusionlistnum   = 1
[LOG] SystemI::createSoundInternal             :     exinfo->suggestedsoundtype = 5
[LOG] SystemI::createSoundInternal             :     exinfo->initialseekpostype = 1
[LOG] SystemI::createSoundInternal             :     Stream 0/1: name='mar ondas 2', format=5, channels=2, frequency=48000, lengthbytes=1398048, lengthpcm=5910967, pcmblocksize=0, loopstart=0, loopend=0, mode=0x00000000, channelmask=0x00000000, channelorder=0, peakvolume=0.047953.
[LOG] AsyncThread::threadFunc                  : Finished Asynchronous operation on sound 000002DCF15DF828
[LOG] SystemI::createSound                     : filename = AmbientaçãoFMOD/Ambientação/Build/Desktop/Master.bank : mode 02010082
[LOG] SystemI::createSound                     : FMOD_NONBLOCKING specified.  Putting into queue to be opened asynchronously!
[LOG] SystemI::createSound                     : setdata soundi = 000002DCF15DE088 : node = 000002DD02F819E0
[LOG] SystemI::createSound                     : add node to async list : head = 000002DBE55C6438.  list count = 0
[LOG] AsyncThread::threadFunc                  : Starting Asynchronous operation on sound 000002DCF15DE088
[LOG] SystemI::createSoundInternal             :     Create name='AmbientaçãoFMOD/Ambientação/Build/Desktop/Master.bank', mode=0x02010082
[LOG] SystemI::createSoundInternal             :     exinfo->cbsize             = 224
[LOG] SystemI::createSoundInternal             :     exinfo->length             = 3690528
[LOG] SystemI::createSoundInternal             :     exinfo->fileoffset         = 31072
[LOG] SystemI::createSoundInternal             :     exinfo->numsubsounds       = 1
[LOG] SystemI::createSoundInternal             :     exinfo->inclusionlist      = 000002DD02F81AF0
[LOG] SystemI::createSoundInternal             :     exinfo->inclusionlistnum   = 1
[LOG] SystemI::createSoundInternal             :     exinfo->suggestedsoundtype = 5
[LOG] SystemI::createSoundInternal             :     exinfo->initialseekpostype = 1
[LOG] SystemI::createSoundInternal             :     Stream 0/1: name='mar ondas', format=5, channels=2, frequency=48000, lengthbytes=870624, lengthpcm=3396674, pcmblocksize=0, loopstart=0, loopend=0, mode=0x00000000, channelmask=0x00000000, channelorder=0, peakvolume=0.056408.
[LOG] AsyncThread::threadFunc                  : Finished Asynchronous operation on sound 000002DCF15DE088
[LOG] SystemI::createSound                     : filename = AmbientaçãoFMOD/Ambientação/Build/Desktop/Master.bank : mode 02010082
[LOG] SystemI::createSound                     : FMOD_NONBLOCKING specified.  Putting into queue to be opened asynchronously!
[LOG] SystemI::createSound                     : setdata soundi = 000002DCF15DE238 : node = 000002DBE55FCCB0
[LOG] SystemI::createSound                     : add node to async list : head = 000002DBE55C6438.  list count = 0
[LOG] AsyncThread::threadFunc                  : Starting Asynchronous operation on sound 000002DCF15DE238
[LOG] SystemI::createSoundInternal             :     Create name='AmbientaçãoFMOD/Ambientação/Build/Desktop/Master.bank', mode=0x02010082
[LOG] SystemI::createSoundInternal             :     exinfo->cbsize             = 224
[LOG] SystemI::createSoundInternal             :     exinfo->length             = 3690528
[LOG] SystemI::createSoundInternal             :     exinfo->fileoffset         = 31072
[LOG] SystemI::createSoundInternal             :     exinfo->numsubsounds       = 1
[LOG] SystemI::createSoundInternal             :     exinfo->inclusionlist      = 000002DBE55FCDC0
[LOG] SystemI::createSoundInternal             :     exinfo->inclusionlistnum   = 1
[LOG] SystemI::createSoundInternal             :     exinfo->suggestedsoundtype = 5
[LOG] SystemI::createSoundInternal             :     exinfo->initialseekpostype = 1
[LOG] SystemI::createSoundInternal             :     Stream 0/1: name='mar ondas 2', format=5, channels=2, frequency=48000, lengthbytes=1398048, lengthpcm=5910967, pcmblocksize=0, loopstart=0, loopend=0, mode=0x00000000, channelmask=0x00000000, channelorder=0, peakvolume=0.047953.
[LOG] AsyncThread::threadFunc                  : Finished Asynchronous operation on sound 000002DCF15DE238
[LOG] SystemI::createSound                     : filename = AmbientaçãoFMOD/Ambientação/Build/Desktop/Master.bank : mode 02010082
[LOG] SystemI::createSound                     : FMOD_NONBLOCKING specified.  Putting into queue to be opened asynchronously!
[LOG] SystemI::createSound                     : setdata soundi = 000002DBE4BA19E8 : node = 000002DD02F81760
[LOG] SystemI::createSound                     : add node to async list : head = 000002DBE55C6438.  list count = 0
[LOG] AsyncThread::threadFunc                  : Starting Asynchronous operation on sound 000002DBE4BA19E8
[LOG] SystemI::createSoundInternal             :     Create name='AmbientaçãoFMOD/Ambientação/Build/Desktop/Master.bank', mode=0x02010082
[LOG] SystemI::createSoundInternal             :     exinfo->cbsize             = 224
[LOG] SystemI::createSoundInternal             :     exinfo->length             = 3690528
[LOG] SystemI::createSoundInternal             :     exinfo->fileoffset         = 31072
[LOG] SystemI::createSoundInternal             :     exinfo->numsubsounds       = 1
[LOG] SystemI::createSoundInternal             :     exinfo->inclusionlist      = 000002DD02F81870
[LOG] SystemI::createSoundInternal             :     exinfo->inclusionlistnum   = 1
[LOG] SystemI::createSoundInternal             :     exinfo->suggestedsoundtype = 5
[LOG] SystemI::createSoundInternal             :     exinfo->initialseekpostype = 1
[LOG] SystemI::createSoundInternal             :     Stream 0/1: name='mar ondas 2', format=5, channels=2, frequency=48000, lengthbytes=1398048, lengthpcm=5910967, pcmblocksize=0, loopstart=0, loopend=0, mode=0x00000000, channelmask=0x00000000, channelorder=0, peakvolume=0.047953.
[LOG] AsyncThread::threadFunc                  : Finished Asynchronous operation on sound 000002DBE4BA19E8
[LOG] SystemI::createSound                     : filename = AmbientaçãoFMOD/Ambientação/Build/Desktop/Master.bank : mode 02010082
[LOG] SystemI::createSound                     : FMOD_NONBLOCKING specified.  Putting into queue to be opened asynchronously!
[LOG] SystemI::createSound                     : setdata soundi = 000002DD02C05858 : node = 000002DD02F81C60
[LOG] SystemI::createSound                     : add node to async list : head = 000002DBE55C6438.  list count = 0
[LOG] AsyncThread::threadFunc                  : Starting Asynchronous operation on sound 000002DD02C05858
[LOG] SystemI::createSoundInternal             :     Create name='AmbientaçãoFMOD/Ambientação/Build/Desktop/Master.bank', mode=0x02010082
[LOG] SystemI::createSoundInternal             :     exinfo->cbsize             = 224
[LOG] SystemI::createSoundInternal             :     exinfo->length             = 3690528
[LOG] SystemI::createSoundInternal             :     exinfo->fileoffset         = 31072
[LOG] SystemI::createSoundInternal             :     exinfo->numsubsounds       = 1
[LOG] SystemI::createSoundInternal             :     exinfo->inclusionlist      = 000002DD02F81D70
[LOG] SystemI::createSoundInternal             :     exinfo->inclusionlistnum   = 1
[LOG] SystemI::createSoundInternal             :     exinfo->suggestedsoundtype = 5
[LOG] SystemI::createSoundInternal             :     exinfo->initialseekpostype = 1
[LOG] SystemI::createSoundInternal             :     Stream 0/1: name='mar ondas', format=5, channels=2, frequency=48000, lengthbytes=870624, lengthpcm=3396674, pcmblocksize=0, loopstart=0, loopend=0, mode=0x00000000, channelmask=0x00000000, channelorder=0, peakvolume=0.056408.
[LOG] AsyncThread::threadFunc                  : Finished Asynchronous operation on sound 000002DD02C05858
[LOG] SystemI::createSound                     : filename = AmbientaçãoFMOD/Ambientação/Build/Desktop/Master.bank : mode 02010082
[LOG] SystemI::createSound                     : FMOD_NONBLOCKING specified.  Putting into queue to be opened asynchronously!
[LOG] SystemI::createSound                     : setdata soundi = 000002DD02C04928 : node = 000002DD02F81EE0
[LOG] SystemI::createSound                     : add node to async list : head = 000002DBE55C6438.  list count = 0
[LOG] AsyncThread::threadFunc                  : Starting Asynchronous operation on sound 000002DD02C04928
[LOG] SystemI::createSoundInternal             :     Create name='AmbientaçãoFMOD/Ambientação/Build/Desktop/Master.bank', mode=0x02010082
[LOG] SystemI::createSoundInternal             :     exinfo->cbsize             = 224
[LOG] SystemI::createSoundInternal             :     exinfo->length             = 3690528
[LOG] SystemI::createSoundInternal             :     exinfo->fileoffset         = 31072
[LOG] SystemI::createSoundInternal             :     exinfo->numsubsounds       = 1
[LOG] SystemI::createSoundInternal             :     exinfo->inclusionlist      = 000002DD02F81FF0
[LOG] SystemI::createSoundInternal             :     exinfo->inclusionlistnum   = 1
[LOG] SystemI::createSoundInternal             :     exinfo->suggestedsoundtype = 5
[LOG] SystemI::createSoundInternal             :     exinfo->initialseekpostype = 1
[LOG] SystemI::createSoundInternal             :     Stream 0/1: name='mar ondas 2', format=5, channels=2, frequency=48000, lengthbytes=1398048, lengthpcm=5910967, pcmblocksize=0, loopstart=0, loopend=0, mode=0x00000000, channelmask=0x00000000, channelorder=0, peakvolume=0.047953.
[LOG] AsyncThread::threadFunc                  : Finished Asynchronous operation on sound 000002DD02C04928
[LOG] SystemI::createSound                     : filename = AmbientaçãoFMOD/Ambientação/Build/Desktop/Master.bank : mode 02010082
[LOG] SystemI::createSound                     : FMOD_NONBLOCKING specified.  Putting into queue to be opened asynchronously!
[LOG] SystemI::createSound                     : setdata soundi = 000002DD02C06428 : node = 000002DD02F822A0
[LOG] SystemI::createSound                     : add node to async list : head = 000002DBE55C6438.  list count = 0
[LOG] AsyncThread::threadFunc                  : Starting Asynchronous operation on sound 000002DD02C06428
[LOG] SystemI::createSoundInternal             :     Create name='AmbientaçãoFMOD/Ambientação/Build/Desktop/Master.bank', mode=0x02010082
[LOG] SystemI::createSoundInternal             :     exinfo->cbsize             = 224
[LOG] SystemI::createSoundInternal             :     exinfo->length             = 3690528
[LOG] SystemI::createSoundInternal             :     exinfo->fileoffset         = 31072
[LOG] SystemI::createSoundInternal             :     exinfo->numsubsounds       = 1
[LOG] SystemI::createSoundInternal             :     exinfo->inclusionlist      = 000002DD02F823B0
[LOG] SystemI::createSoundInternal             :     exinfo->inclusionlistnum   = 1
[LOG] SystemI::createSoundInternal             :     exinfo->suggestedsoundtype = 5
[LOG] SystemI::createSoundInternal             :     exinfo->initialseekpostype = 1
[LOG] SystemI::createSoundInternal             :     Stream 0/1: name='mar ondas', format=5, channels=2, frequency=48000, lengthbytes=870624, lengthpcm=3396674, pcmblocksize=0, loopstart=0, loopend=0, mode=0x00000000, channelmask=0x00000000, channelorder=0, peakvolume=0.056408.
[LOG] AsyncThread::threadFunc                  : Finished Asynchronous operation on sound 000002DD02C06428
[LOG] SystemI::createSound                     : filename = AmbientaçãoFMOD/Ambientação/Build/Desktop/Master.bank : mode 02010082
[LOG] SystemI::createSound                     : FMOD_NONBLOCKING specified.  Putting into queue to be opened asynchronously!
[LOG] SystemI::createSound                     : setdata soundi = 000002DD02C04E38 : node = 000002DD03310430
[LOG] SystemI::createSound                     : add node to async list : head = 000002DBE55C6438.  list count = 0
[LOG] AsyncThread::threadFunc                  : Starting Asynchronous operation on sound 000002DD02C04E38
[LOG] SystemI::createSoundInternal             :     Create name='AmbientaçãoFMOD/Ambientação/Build/Desktop/Master.bank', mode=0x02010082
[LOG] SystemI::createSoundInternal             :     exinfo->cbsize             = 224
[LOG] SystemI::createSoundInternal             :     exinfo->length             = 3690528
[LOG] SystemI::createSoundInternal             :     exinfo->fileoffset         = 31072
[LOG] SystemI::createSoundInternal             :     exinfo->numsubsounds       = 1
[LOG] SystemI::createSoundInternal             :     exinfo->inclusionlist      = 000002DD03310540
[LOG] SystemI::createSoundInternal             :     exinfo->inclusionlistnum   = 1
[LOG] SystemI::createSoundInternal             :     exinfo->suggestedsoundtype = 5
[LOG] SystemI::createSoundInternal             :     exinfo->initialseekpostype = 1
[LOG] SystemI::createSoundInternal             :     Stream 0/1: name='mar ondas 2', format=5, channels=2, frequency=48000, lengthbytes=1398048, lengthpcm=5910967, pcmblocksize=0, loopstart=0, loopend=0, mode=0x00000000, channelmask=0x00000000, channelorder=0, peakvolume=0.047953.
[LOG] AsyncThread::threadFunc                  : Finished Asynchronous operation on sound 000002DD02C04E38
[LOG] SystemI::createSound                     : filename = AmbientaçãoFMOD/Ambientação/Build/Desktop/Master.bank : mode 02010082
[LOG] SystemI::createSound                     : FMOD_NONBLOCKING specified.  Putting into queue to be opened asynchronously!
[LOG] SystemI::createSound                     : setdata soundi = 000002DD02C05198 : node = 000002DD03310070
[LOG] SystemI::createSound                     : add node to async list : head = 000002DBE55C6438.  list count = 0
[LOG] AsyncThread::threadFunc                  : Starting Asynchronous operation on sound 000002DD02C05198
[LOG] SystemI::createSoundInternal             :     Create name='AmbientaçãoFMOD/Ambientação/Build/Desktop/Master.bank', mode=0x02010082
[LOG] SystemI::createSoundInternal             :     exinfo->cbsize             = 224
[LOG] SystemI::createSoundInternal             :     exinfo->length             = 3690528
[LOG] SystemI::createSoundInternal             :     exinfo->fileoffset         = 31072
[LOG] SystemI::createSoundInternal             :     exinfo->numsubsounds       = 1
[LOG] SystemI::createSoundInternal             :     exinfo->inclusionlist      = 000002DD03310180
[LOG] SystemI::createSoundInternal             :     exinfo->inclusionlistnum   = 1
[LOG] SystemI::createSoundInternal             :     exinfo->suggestedsoundtype = 5
[LOG] SystemI::createSoundInternal             :     exinfo->initialseekpostype = 1
[LOG] SystemI::createSoundInternal             :     Stream 0/1: name='mar ondas 2', format=5, channels=2, frequency=48000, lengthbytes=1398048, lengthpcm=5910967, pcmblocksize=0, loopstart=0, loopend=0, mode=0x00000000, channelmask=0x00000000, channelorder=0, peakvolume=0.047953.
[LOG] AsyncThread::threadFunc                  : Finished Asynchronous operation on sound 000002DD02C05198
[LOG] SystemI::createSound                     : filename = AmbientaçãoFMOD/Ambientação/Build/Desktop/Master.bank : mode 02010082
[LOG] SystemI::createSound                     : FMOD_NONBLOCKING specified.  Putting into queue to be opened asynchronously!
[LOG] SystemI::createSound                     : setdata soundi = 000002DD02C056A8 : node = 000002DD0330FF30
[LOG] SystemI::createSound                     : add node to async list : head = 000002DBE55C6438.  list count = 0
[LOG] AsyncThread::threadFunc                  : Starting Asynchronous operation on sound 000002DD02C056A8
[LOG] SystemI::createSoundInternal             :     Create name='AmbientaçãoFMOD/Ambientação/Build/Desktop/Master.bank', mode=0x02010082
[LOG] SystemI::createSoundInternal             :     exinfo->cbsize             = 224
[LOG] SystemI::createSoundInternal             :     exinfo->length             = 3690528
[LOG] SystemI::createSoundInternal             :     exinfo->fileoffset         = 31072
[LOG] SystemI::createSoundInternal             :     exinfo->numsubsounds       = 1
[LOG] SystemI::createSoundInternal             :     exinfo->inclusionlist      = 000002DD03310040
[LOG] SystemI::createSoundInternal             :     exinfo->inclusionlistnum   = 1
[LOG] SystemI::createSoundInternal             :     exinfo->suggestedsoundtype = 5
[LOG] SystemI::createSoundInternal             :     exinfo->initialseekpostype = 1
[LOG] SystemI::createSoundInternal             :     Stream 0/1: name='mar ondas', format=5, channels=2, frequency=48000, lengthbytes=870624, lengthpcm=3396674, pcmblocksize=0, loopstart=0, loopend=0, mode=0x00000000, channelmask=0x00000000, channelorder=0, peakvolume=0.056408.
[LOG] AsyncThread::threadFunc                  : Finished Asynchronous operation on sound 000002DD02C056A8
[LOG] SystemI::createSound                     : filename = AmbientaçãoFMOD/Ambientação/Build/Desktop/Master.bank : mode 02010082
[LOG] SystemI::createSound                     : FMOD_NONBLOCKING specified.  Putting into queue to be opened asynchronously!
[LOG] SystemI::createSound                     : setdata soundi = 000002DCFFDA1178 : node = 000002DD033101B0
[LOG] SystemI::createSound                     : add node to async list : head = 000002DBE55C6438.  list count = 0
[LOG] AsyncThread::threadFunc                  : Starting Asynchronous operation on sound 000002DCFFDA1178
[LOG] SystemI::createSoundInternal             :     Create name='AmbientaçãoFMOD/Ambientação/Build/Desktop/Master.bank', mode=0x02010082
[LOG] SystemI::createSoundInternal             :     exinfo->cbsize             = 224
[LOG] SystemI::createSoundInternal             :     exinfo->length             = 3690528
[LOG] SystemI::createSoundInternal             :     exinfo->fileoffset         = 31072
[LOG] SystemI::createSoundInternal             :     exinfo->numsubsounds       = 1
[LOG] SystemI::createSoundInternal             :     exinfo->inclusionlist      = 000002DD033102C0
[LOG] SystemI::createSoundInternal             :     exinfo->inclusionlistnum   = 1
[LOG] SystemI::createSoundInternal             :     exinfo->suggestedsoundtype = 5
[LOG] SystemI::createSoundInternal             :     exinfo->initialseekpostype = 1
[LOG] SystemI::createSoundInternal             :     Stream 0/1: name='mar ondas 2', format=5, channels=2, frequency=48000, lengthbytes=1398048, lengthpcm=5910967, pcmblocksize=0, loopstart=0, loopend=0, mode=0x00000000, channelmask=0x00000000, channelorder=0, peakvolume=0.047953.
[LOG] AsyncThread::threadFunc                  : Finished Asynchronous operation on sound 000002DCFFDA1178
[LOG] SystemI::createSound                     : filename = AmbientaçãoFMOD/Ambientação/Build/Desktop/Master.bank : mode 02010082
[LOG] SystemI::createSound                     : FMOD_NONBLOCKING specified.  Putting into queue to be opened asynchronously!
[LOG] SystemI::createSound                     : setdata soundi = 000002DCFFDA1328 : node = 000002DBC0BE3710
[LOG] SystemI::createSound                     : add node to async list : head = 000002DBE55C6438.  list count = 0
[LOG] AsyncThread::threadFunc                  : Starting Asynchronous operation on sound 000002DCFFDA1328
[LOG] SystemI::createSoundInternal             :     Create name='AmbientaçãoFMOD/Ambientação/Build/Desktop/Master.bank', mode=0x02010082
[LOG] SystemI::createSoundInternal             :     exinfo->cbsize             = 224
[LOG] SystemI::createSoundInternal             :     exinfo->length             = 3690528
[LOG] SystemI::createSoundInternal             :     exinfo->fileoffset         = 31072
[LOG] SystemI::createSoundInternal             :     exinfo->numsubsounds       = 1
[LOG] SystemI::createSoundInternal             :     exinfo->inclusionlist      = 000002DBC0BE3820
[LOG] SystemI::createSoundInternal             :     exinfo->inclusionlistnum   = 1
[LOG] SystemI::createSoundInternal             :     exinfo->suggestedsoundtype = 5
[LOG] SystemI::createSoundInternal             :     exinfo->initialseekpostype = 1
[LOG] SystemI::createSoundInternal             :     Stream 0/1: name='mar ondas', format=5, channels=2, frequency=48000, lengthbytes=870624, lengthpcm=3396674, pcmblocksize=0, loopstart=0, loopend=0, mode=0x00000000, channelmask=0x00000000, channelorder=0, peakvolume=0.056408.
[LOG] AsyncThread::threadFunc                  : Finished Asynchronous operation on sound 000002DCFFDA1328
[LOG] SystemI::createSound                     : filename = AmbientaçãoFMOD/Ambientação/Build/Desktop/Master.bank : mode 02010082
[LOG] SystemI::createSound                     : FMOD_NONBLOCKING specified.  Putting into queue to be opened asynchronously!
[LOG] SystemI::createSound                     : setdata soundi = 000002DCFFDA0C68 : node = 000002DCF158B3A0
[LOG] SystemI::createSound                     : add node to async list : head = 000002DBE55C6438.  list count = 0
[LOG] AsyncThread::threadFunc                  : Starting Asynchronous operation on sound 000002DCFFDA0C68
[LOG] SystemI::createSoundInternal             :     Create name='AmbientaçãoFMOD/Ambientação/Build/Desktop/Master.bank', mode=0x02010082
[LOG] SystemI::createSoundInternal             :     exinfo->cbsize             = 224
[LOG] SystemI::createSoundInternal             :     exinfo->length             = 3690528
[LOG] SystemI::createSoundInternal             :     exinfo->fileoffset         = 31072
[LOG] SystemI::createSoundInternal             :     exinfo->numsubsounds       = 1
[LOG] SystemI::createSoundInternal             :     exinfo->inclusionlist      = 000002DCF158B4B0
[LOG] SystemI::createSoundInternal             :     exinfo->inclusionlistnum   = 1
[LOG] SystemI::createSoundInternal             :     exinfo->suggestedsoundtype = 5
[LOG] SystemI::createSoundInternal             :     exinfo->initialseekpostype = 1
[LOG] SystemI::createSoundInternal             :     Stream 0/1: name='mar ondas', format=5, channels=2, frequency=48000, lengthbytes=870624, lengthpcm=3396674, pcmblocksize=0, loopstart=0, loopend=0, mode=0x00000000, channelmask=0x00000000, channelorder=0, peakvolume=0.056408.
[LOG] AsyncThread::threadFunc                  : Finished Asynchronous operation on sound 000002DCFFDA0C68
[LOG] SystemI::createSound                     : filename = AmbientaçãoFMOD/Ambientação/Build/Desktop/Master.bank : mode 02010082
[LOG] SystemI::createSound                     : FMOD_NONBLOCKING specified.  Putting into queue to be opened asynchronously!
[LOG] SystemI::createSound                     : setdata soundi = 000002DCFFDA0FC8 : node = 000002DD03310CF0
[LOG] SystemI::createSound                     : add node to async list : head = 000002DBE55C6438.  list count = 0
[LOG] AsyncThread::threadFunc                  : Starting Asynchronous operation on sound 000002DCFFDA0FC8
[LOG] SystemI::createSoundInternal             :     Create name='AmbientaçãoFMOD/Ambientação/Build/Desktop/Master.bank', mode=0x02010082
[LOG] SystemI::createSoundInternal             :     exinfo->cbsize             = 224
[LOG] SystemI::createSoundInternal             :     exinfo->length             = 3690528
[LOG] SystemI::createSoundInternal             :     exinfo->fileoffset         = 31072
[LOG] SystemI::createSoundInternal             :     exinfo->numsubsounds       = 1
[LOG] SystemI::createSoundInternal             :     exinfo->inclusionlist      = 000002DD03310E00
[LOG] SystemI::createSoundInternal             :     exinfo->inclusionlistnum   = 1
[LOG] SystemI::createSoundInternal             :     exinfo->suggestedsoundtype = 5
[LOG] SystemI::createSoundInternal             :     exinfo->initialseekpostype = 1
[LOG] SystemI::createSoundInternal             :     Stream 0/1: name='mar ondas', format=5, channels=2, frequency=48000, lengthbytes=870624, lengthpcm=3396674, pcmblocksize=0, loopstart=0, loopend=0, mode=0x00000000, channelmask=0x00000000, channelorder=0, peakvolume=0.056408.
[LOG] AsyncThread::threadFunc                  : Finished Asynchronous operation on sound 000002DCFFDA0FC8
[LOG] SystemI::createSound                     : filename = AmbientaçãoFMOD/Ambientação/Build/Desktop/Master.bank : mode 02010082
[LOG] SystemI::createSound                     : FMOD_NONBLOCKING specified.  Putting into queue to be opened asynchronously!
[LOG] SystemI::createSound                     : setdata soundi = 000002DCFFDA0758 : node = 000002DD03310930
[LOG] SystemI::createSound                     : add node to async list : head = 000002DBE55C6438.  list count = 0
[LOG] AsyncThread::threadFunc                  : Starting Asynchronous operation on sound 000002DCFFDA0758
[LOG] SystemI::createSoundInternal             :     Create name='AmbientaçãoFMOD/Ambientação/Build/Desktop/Master.bank', mode=0x02010082
[LOG] SystemI::createSoundInternal             :     exinfo->cbsize             = 224
[LOG] SystemI::createSoundInternal             :     exinfo->length             = 3690528
[LOG] SystemI::createSoundInternal             :     exinfo->fileoffset         = 31072
[LOG] SystemI::createSoundInternal             :     exinfo->numsubsounds       = 1
[LOG] SystemI::createSoundInternal             :     exinfo->inclusionlist      = 000002DD03310A40
[LOG] SystemI::createSoundInternal             :     exinfo->inclusionlistnum   = 1
[LOG] SystemI::createSoundInternal             :     exinfo->suggestedsoundtype = 5
[LOG] SystemI::createSoundInternal             :     exinfo->initialseekpostype = 1
[LOG] SystemI::createSoundInternal             :     Stream 0/1: name='mar ondas', format=5, channels=2, frequency=48000, lengthbytes=870624, lengthpcm=3396674, pcmblocksize=0, loopstart=0, loopend=0, mode=0x00000000, channelmask=0x00000000, channelorder=0, peakvolume=0.056408.
[LOG] AsyncThread::threadFunc                  : Finished Asynchronous operation on sound 000002DCFFDA0758
[LOG] SoundI::release                          : vento ambiente fechado 2.0 (000002DBE4BA0248)
[LOG] SoundI::release                          :     vento ambiente fechado 2.0 (000002DBBE54E598)
[LOG] SoundI::release                          :     vento ambiente fechado 2.0 (000002DBE4BA0AB8)
[LOG] SoundI::release                          : mar ondas 2 (000002DCFFDA1178)
[LOG] SoundI::release                          :     mar ondas 2 (000002DBBE9D03A8)
[LOG] SoundI::release                          :     mar ondas 2 (000002DCFFDA0098)
[LOG] SoundI::release                          : mar ondas 2 (000002DD02C05198)
[LOG] SoundI::release                          :     mar ondas 2 (000002DBBE9D0D68)
[LOG] SoundI::release                          :     mar ondas 2 (000002DD02C05348)
[LOG] SoundI::release                          : mar ondas 2 (000002DD02C04E38)
[LOG] SoundI::release                          :     mar ondas 2 (000002DBBE9D32C8)
[LOG] SoundI::release                          :     mar ondas 2 (000002DD02C06278)
[LOG] SoundI::release                          : mar ondas 2 (000002DD02C04928)
[LOG] SoundI::release                          :     mar ondas 2 (000002DBBE54EDB8)
[LOG] SoundI::release                          :     mar ondas 2 (000002DD02C05D68)
[LOG] SoundI::release                          : mar ondas 2 (000002DBE4BA19E8)
[LOG] SoundI::release                          :     mar ondas 2 (000002DBBE54EA78)
[LOG] SoundI::release                          :     mar ondas 2 (000002DD02C054F8)
[LOG] SoundI::release                          : mar ondas 2 (000002DCF15DE238)
[LOG] SoundI::release                          :     mar ondas 2 (000002DBBE54E8D8)
[LOG] SoundI::release                          :     mar ondas 2 (000002DCF15DE3E8)
[LOG] SoundI::release                          : mar ondas 2 (000002DCF15DF828)
[LOG] SoundI::release                          :     mar ondas 2 (000002DBBE54D6F8)
[LOG] SoundI::release                          :     mar ondas 2 (000002DCF15DE8F8)
[LOG] SoundI::release                          : mar ondas 2 (000002DCF15DF4C8)
[LOG] SoundI::release                          :     mar ondas 2 (000002DBBE54E3F8)
[LOG] SoundI::release                          :     mar ondas 2 (000002DCF15DE598)
[LOG] SoundI::release                          : mar ondas 2 (000002DCF15DF9D8)
[LOG] SoundI::release                          :     mar ondas 2 (000002D9CC349618)
[LOG] SoundI::release                          :     mar ondas 2 (000002DCF15DF168)
[LOG] SoundI::release                          : mar ondas 2 (000002DB9A502E08)
[LOG] SoundI::release                          :     mar ondas 2 (000002DBC1AB2618)
[LOG] SoundI::release                          :     mar ondas 2 (000002DB9A502088)
[LOG] SoundI::release                          : mar ondas 2 (000002DB9A502238)
[LOG] SoundI::release                          :     mar ondas 2 (000002DBC1AB2478)
[LOG] SoundI::release                          :     mar ondas 2 (000002DB9A5028F8)
[LOG] SoundI::release                          : mar ondas 2 (000002DCFFD94288)
[LOG] SoundI::release                          :     mar ondas 2 (000002DBBC062F28)
[LOG] SoundI::release                          :     mar ondas 2 (000002DCFFD95A28)
[LOG] SoundI::release                          : mar ondas 2 (000002DCFFD95878)
[LOG] SoundI::release                          :     mar ondas 2 (000002DBBC065B08)
[LOG] SoundI::release                          :     mar ondas 2 (000002DCFFD94438)
[LOG] SoundI::release                          : mar ondas 2 (000002DCFFD94AF8)
[LOG] SoundI::release                          :     mar ondas 2 (000002DBE4762658)
[LOG] SoundI::release                          :     mar ondas 2 (000002DCFFD94CA8)
[LOG] SoundI::release                          : mar ondas 2 (000002DBE4BA0E18)
[LOG] SoundI::release                          :     mar ondas 2 (000002DBBE54DD78)
[LOG] SoundI::release                          :     mar ondas 2 (000002DBE4BA1328)
[LOG] SoundI::release                          : mar ondas 2 (000002DBE4BA1688)
[LOG] SoundI::release                          :     mar ondas 2 (000002DBBE54DA38)
[LOG] SoundI::release                          :     mar ondas 2 (000002DBE4BA03F8)
[LOG] SoundI::release                          : mar ondas (000002DCFFDA0758)
[LOG] SoundI::release                          :     mar ondas (000002DB519CCE48)
[LOG] SoundI::release                          :     mar ondas (000002DCFFDA0E18)
[LOG] SoundI::release                          : mar ondas (000002DCFFDA0FC8)
[LOG] SoundI::release                          :     mar ondas (000002DBE47627F8)
[LOG] SoundI::release                          :     mar ondas (000002DCFFDA0AB8)
[LOG] SoundI::release                          : mar ondas (000002DCFFDA0C68)
[LOG] SoundI::release                          :     mar ondas (000002DBC310AC68)
[LOG] SoundI::release                          :     mar ondas (000002DCFFDA05A8)
[LOG] SoundI::release                          : mar ondas (000002DCFFDA1328)
[LOG] SoundI::release                          :     mar ondas (000002DBBE9D37A8)
[LOG] SoundI::release                          :     mar ondas (000002DCFFDA0248)
[LOG] SoundI::release                          : mar ondas (000002DD02C056A8)
[LOG] SoundI::release                          :     mar ondas (000002DBBE9D3128)
[LOG] SoundI::release                          :     mar ondas (000002DCFFD9FEE8)
[LOG] SoundI::release                          : mar ondas (000002DD02C06428)
[LOG] SoundI::release                          :     mar ondas (000002DBBE9D1A68)
[LOG] SoundI::release                          :     mar ondas (000002DD02C04AD8)
[LOG] SoundI::release                          : mar ondas (000002DD02C05858)
[LOG] SoundI::release                          :     mar ondas (000002DBBE54EC18)
[LOG] SoundI::release                          :     mar ondas (000002DD02C05A08)
[LOG] SoundI::release                          : mar ondas (000002DCF15DE088)
[LOG] SoundI::release                          :     mar ondas (000002DBBE54D898)
[LOG] SoundI::release                          :     mar ondas (000002DCF15DEC58)
[LOG] SoundI::release                          : mar ondas (000002DCF15DFB88)
[LOG] SoundI::release                          :     mar ondas (000002D9CC3492D8)
[LOG] SoundI::release                          :     mar ondas (000002DCF15DF318)
[LOG] SoundI::release                          : mar ondas (000002DB9A5023E8)
[LOG] SoundI::release                          :     mar ondas (000002DBC1AB27B8)
[LOG] SoundI::release                          :     mar ondas (000002DB9A502AA8)
[LOG] SoundI::release                          : mar ondas (000002DCFFD951B8)
[LOG] SoundI::release                          :     mar ondas (000002DBBC062D88)
[LOG] SoundI::release                          :     mar ondas (000002DCFFD95368)
[LOG] SoundI::release                          : mar ondas (000002DCFFD94948)
[LOG] SoundI::release                          :     mar ondas (000002DBBC063408)
[LOG] SoundI::release                          :     mar ondas (000002DCFFD95D88)
[LOG] SoundI::release                          : mar ondas (000002DCFFD95008)
[LOG] SoundI::release                          :     mar ondas (000002DBBC063F68)
[LOG] SoundI::release                          :     mar ondas (000002DCFFD94798)
[LOG] SoundI::release                          : mar ondas (000002DB51B8FE48)
[LOG] SoundI::release                          :     mar ondas (000002DBE47624B8)
[LOG] SoundI::release                          :     mar ondas (000002DB51B906B8)
[LOG] SoundI::release                          : mar ondas (000002DB51B8F788)
[LOG] SoundI::release                          :     mar ondas (000002DBC1AB2958)
[LOG] SoundI::release                          :     mar ondas (000002DB51B8F5D8)
[LOG] SoundI::release                          : mar ondas (000002DBE47B7CB8)
[LOG] SoundI::release                          :     mar ondas (000002DBBE54E258)
[LOG] SoundI::release                          :     mar ondas (000002DBE4BA0908)
[LOG] SoundI::release                          :  (000002DD036F2188)
[LOG] SoundI::release                          :     ambiente sanidadee (000002DB519CD668)
[LOG] SoundI::release                          :  (000002DBE4DCDE98)
[LOG] SoundI::release                          :     pedras (000002DBE4C91408)
[LOG] SoundI::release                          :  (000002DD036F22F8)
[LOG] SoundI::release                          :     fumaça 2 (000002DB519CD9A8)
[LOG] SoundI::release                          :  (000002DBE4DCE178)
[LOG] SoundI::release                          :     fumaça 3 (000002DBE4C91268)
[LOG] SoundI::release                          :  (000002DD036F1BC8)
[LOG] SoundI::release                          :     fumaça (000002DB519CD4C8)
[LOG] SoundI::release                          :  (000002DD036F25D8)
[LOG] SoundI::release                          :     pedras 2 (000002DB519CDB48)
[LOG] Thread::callback                         : FMOD Studio update thread finished.
[LOG] Thread::callback                         : FMOD Studio bank load thread finished.
[LOG] Profile::disconnectAll                   : Profiler disconnecting all clients
[LOG] Thread::callback                         : FMOD Studio sample load thread finished.
[LOG] LiveUpdate::release                      : 
[LOG] LiveUpdate::reset                        : Reset connection (reason Disconnected)
[LOG] Thread::callback                         : FMOD stream thread finished.
[LOG] Thread::callback                         : FMOD mixer thread finished.
[LOG] Profile::disconnectAll                   : Profiler disconnecting all clients
[LOG] SystemI::close                           : Closed.
